FLT ['/data/daily_dashboard/obs/aeronet/netcdf/ae440-870aero_202109.nc']
MOD [['/data/products/NMMB-BSC/netcdf/202109*12_3H_SDSWAS_NMMB-BSC-v2_OPER.nc']]
OBS ['/data/daily_dashboard/obs/aeronet/netcdf/od550aero_202109.nc']
['station', 'bsc_dream', 'monarch', 'cams', 'dream8-macc', 'nasa-geos', 'metoffice', 'ncep-gefs', 'ema-regcm4', 'silam', 'lotos-euros', 'icon-art', 'noa', 'wrf-nemo', 'aladin', 'median']
Station selection
Station re-numbering
Station adding areas
Lat/Lon retrieval
OBS DF
                     time  station  ...  od550aero          area
13440 2021-09-01 00:00:00        0  ...        NaN  Sahel/Sahara
13441 2021-09-01 03:00:00        0  ...        NaN  Sahel/Sahara
13442 2021-09-01 06:00:00        0  ...        NaN  Sahel/Sahara
13443 2021-09-01 09:00:00        0  ...        NaN  Sahel/Sahara
13444 2021-09-01 12:00:00        0  ...        NaN  Sahel/Sahara

[5 rows x 6 columns]
FLT DF
                     time  station  ndata   station_name  ae440-870aero
13440 2021-09-01 00:00:00        0    NaN  b'Capo_Verde'            NaN
13441 2021-09-01 03:00:00        0    NaN  b'Capo_Verde'            NaN
13442 2021-09-01 06:00:00        0    NaN  b'Capo_Verde'            NaN
13443 2021-09-01 09:00:00        0    NaN  b'Capo_Verde'            NaN
13444 2021-09-01 12:00:00        0    NaN  b'Capo_Verde'            NaN
v OD550_DUST
mod var OD550_DUST
obs var od550aero
[<xarray.Dataset>
Dimensions:       (lat: 1089, lon: 2587, time: 224)
Coordinates:
  * lat           (lat) float64 -11.0 -10.9 -10.8 -10.7 ... 71.1 71.2 71.3 71.4
  * lon           (lon) float64 -63.0 -62.9 -62.8 -62.7 ... 101.7 101.8 101.9
  * time          (time) datetime64[ns] 2021-09-01T12:00:00 ... 2021-10-01T09...
Data variables:
    dust_ext_sfc  (time, lat, lon) float32 dask.array<chunksize=(8, 1089, 2587), meta=np.ndarray>
    dust_load     (time, lat, lon) float32 dask.array<chunksize=(8, 1089, 2587), meta=np.ndarray>
    dust_depd     (time, lat, lon) float32 dask.array<chunksize=(8, 1089, 2587), meta=np.ndarray>
    dust_depw     (time, lat, lon) float32 dask.array<chunksize=(8, 1089, 2587), meta=np.ndarray>
    sconc_dust    (time, lat, lon) float32 dask.array<chunksize=(8, 1089, 2587), meta=np.ndarray>
    od550_dust    (time, lat, lon) float32 dask.array<chunksize=(8, 1089, 2587), meta=np.ndarray>
Attributes:
    CDI:      Climate Data Interface version 1.9.8 (https://mpimet.mpg.de/cdi)
    history:  Wed Sep 01 21:54:02 2021: cdo -P 4 remapbil,../regularlargelatl...]
OBS_GRPS <pandas.core.groupby.generic.DataFrameGroupBy object at 0x7f5ed9c0b2b0>
IDX 0
interpolating to observations ...
converting to df  ...
MOD_GRPS <pandas.core.groupby.generic.DataFrameGroupBy object at 0x7f5eab289dd8>
TOT1 time
2021-09-01 12:00:00    0.096949
2021-09-01 12:00:00         NaN
2021-09-01 12:00:00         NaN
2021-09-01 12:00:00         NaN
2021-09-01 12:00:00         NaN
                         ...   
2021-09-30 21:00:00         NaN
2021-09-30 21:00:00         NaN
2021-09-30 21:00:00    0.011312
2021-09-30 21:00:00         NaN
2021-09-30 21:00:00         NaN
Name: od550_dust, Length: 740080, dtype: float64 TOT2 time
2021-09-01 12:00:00   NaN
2021-09-01 12:00:00   NaN
2021-09-01 12:00:00   NaN
2021-09-01 12:00:00   NaN
2021-09-01 12:00:00   NaN
                       ..
2021-09-30 21:00:00   NaN
2021-09-30 21:00:00   NaN
2021-09-30 21:00:00   NaN
2021-09-30 21:00:00   NaN
2021-09-30 21:00:00   NaN
Name: od550aero, Length: 740080, dtype: float32
TOT1 time
2021-09-01 12:00:00    0.096949
2021-09-01 15:00:00    0.068061
2021-09-01 18:00:00    0.191204
2021-09-01 21:00:00    0.265897
2021-09-02 00:00:00    0.137305
                         ...   
2021-09-30 09:00:00    0.000049
2021-09-30 12:00:00    0.000036
2021-09-30 15:00:00    0.000031
2021-09-30 18:00:00    0.000030
2021-09-30 21:00:00    0.000033
Name: od550_dust, Length: 220, dtype: float64 TOT2 time
2021-09-01 12:00:00   NaN
2021-09-01 15:00:00   NaN
2021-09-01 18:00:00   NaN
2021-09-01 21:00:00   NaN
2021-09-02 00:00:00   NaN
                       ..
2021-09-30 09:00:00   NaN
2021-09-30 12:00:00   NaN
2021-09-30 15:00:00   NaN
2021-09-30 18:00:00   NaN
2021-09-30 21:00:00   NaN
Name: od550aero, Length: 220, dtype: float32
TOT1 time
2021-09-01 12:00:00   NaN
2021-09-01 15:00:00   NaN
2021-09-01 18:00:00   NaN
2021-09-01 21:00:00   NaN
2021-09-02 00:00:00   NaN
                       ..
2021-09-30 09:00:00   NaN
2021-09-30 12:00:00   NaN
2021-09-30 15:00:00   NaN
2021-09-30 18:00:00   NaN
2021-09-30 21:00:00   NaN
Name: od550_dust, Length: 220, dtype: float64 TOT2 time
2021-09-01 12:00:00   NaN
2021-09-01 15:00:00   NaN
2021-09-01 18:00:00   NaN
2021-09-01 21:00:00   NaN
2021-09-02 00:00:00   NaN
                       ..
2021-09-30 09:00:00   NaN
2021-09-30 12:00:00   NaN
2021-09-30 15:00:00   NaN
2021-09-30 18:00:00   NaN
2021-09-30 21:00:00   NaN
Name: od550aero, Length: 220, dtype: float32
TOT1 time
2021-09-01 12:00:00   NaN
2021-09-01 15:00:00   NaN
2021-09-01 18:00:00   NaN
2021-09-01 21:00:00   NaN
2021-09-02 00:00:00   NaN
                       ..
2021-09-30 09:00:00   NaN
2021-09-30 12:00:00   NaN
2021-09-30 15:00:00   NaN
2021-09-30 18:00:00   NaN
2021-09-30 21:00:00   NaN
Name: od550_dust, Length: 220, dtype: float64 TOT2 time
2021-09-01 12:00:00   NaN
2021-09-01 15:00:00   NaN
2021-09-01 18:00:00   NaN
2021-09-01 21:00:00   NaN
2021-09-02 00:00:00   NaN
                       ..
2021-09-30 09:00:00   NaN
2021-09-30 12:00:00   NaN
2021-09-30 15:00:00   NaN
2021-09-30 18:00:00   NaN
2021-09-30 21:00:00   NaN
Name: od550aero, Length: 220, dtype: float32
TOT1 time
2021-09-01 12:00:00   NaN
2021-09-01 15:00:00   NaN
2021-09-01 18:00:00   NaN
2021-09-01 21:00:00   NaN
2021-09-02 00:00:00   NaN
                       ..
2021-09-30 09:00:00   NaN
2021-09-30 12:00:00   NaN
2021-09-30 15:00:00   NaN
2021-09-30 18:00:00   NaN
2021-09-30 21:00:00   NaN
Name: od550_dust, Length: 220, dtype: float64 TOT2 time
2021-09-01 12:00:00   NaN
2021-09-01 15:00:00   NaN
2021-09-01 18:00:00   NaN
2021-09-01 21:00:00   NaN
2021-09-02 00:00:00   NaN
                       ..
2021-09-30 09:00:00   NaN
2021-09-30 12:00:00   NaN
2021-09-30 15:00:00   NaN
2021-09-30 18:00:00   NaN
2021-09-30 21:00:00   NaN
Name: od550aero, Length: 220, dtype: float32
TOT1 time
2021-09-01 12:00:00   NaN
2021-09-01 15:00:00   NaN
2021-09-01 18:00:00   NaN
2021-09-01 21:00:00   NaN
2021-09-02 00:00:00   NaN
                       ..
2021-09-30 09:00:00   NaN
2021-09-30 12:00:00   NaN
2021-09-30 15:00:00   NaN
2021-09-30 18:00:00   NaN
2021-09-30 21:00:00   NaN
Name: od550_dust, Length: 220, dtype: float64 TOT2 time
2021-09-01 12:00:00   NaN
2021-09-01 15:00:00   NaN
2021-09-01 18:00:00   NaN
2021-09-01 21:00:00   NaN
2021-09-02 00:00:00   NaN
                       ..
2021-09-30 09:00:00   NaN
2021-09-30 12:00:00   NaN
2021-09-30 15:00:00   NaN
2021-09-30 18:00:00   NaN
2021-09-30 21:00:00   NaN
Name: od550aero, Length: 220, dtype: float32
TOT1 time
2021-09-01 12:00:00    0.298548
2021-09-01 15:00:00    0.316083
2021-09-01 18:00:00    0.353729
2021-09-01 21:00:00    0.284428
2021-09-02 00:00:00    0.302358
                         ...   
2021-09-30 09:00:00    0.001469
2021-09-30 12:00:00    0.002145
2021-09-30 15:00:00    0.001424
2021-09-30 18:00:00    0.000908
2021-09-30 21:00:00    0.000171
Name: od550_dust, Length: 220, dtype: float64 TOT2 time
2021-09-01 12:00:00   NaN
2021-09-01 15:00:00   NaN
2021-09-01 18:00:00   NaN
2021-09-01 21:00:00   NaN
2021-09-02 00:00:00   NaN
                       ..
2021-09-30 09:00:00   NaN
2021-09-30 12:00:00   NaN
2021-09-30 15:00:00   NaN
2021-09-30 18:00:00   NaN
2021-09-30 21:00:00   NaN
Name: od550aero, Length: 220, dtype: float32
TOT1 time
2021-09-01 12:00:00    0.001193
2021-09-01 15:00:00    0.001396
2021-09-01 18:00:00    0.001560
2021-09-01 21:00:00    0.002175
2021-09-02 00:00:00    0.005621
                         ...   
2021-09-30 09:00:00    0.011214
2021-09-30 12:00:00    0.009779
2021-09-30 15:00:00    0.009055
2021-09-30 18:00:00    0.011493
2021-09-30 21:00:00    0.011929
Name: od550_dust, Length: 220, dtype: float64 TOT2 time
2021-09-01 12:00:00   NaN
2021-09-01 15:00:00   NaN
2021-09-01 18:00:00   NaN
2021-09-01 21:00:00   NaN
2021-09-02 00:00:00   NaN
                       ..
2021-09-30 09:00:00   NaN
2021-09-30 12:00:00   NaN
2021-09-30 15:00:00   NaN
2021-09-30 18:00:00   NaN
2021-09-30 21:00:00   NaN
Name: od550aero, Length: 220, dtype: float32
TOT1 time
2021-09-01 12:00:00    0.002141
2021-09-01 15:00:00    0.001524
2021-09-01 18:00:00    0.001526
2021-09-01 21:00:00    0.002041
2021-09-02 00:00:00    0.002047
                         ...   
2021-09-30 09:00:00    0.027561
2021-09-30 12:00:00    0.026410
2021-09-30 15:00:00    0.025805
2021-09-30 18:00:00    0.035292
2021-09-30 21:00:00    0.044618
Name: od550_dust, Length: 220, dtype: float64 TOT2 time
2021-09-01 12:00:00   NaN
2021-09-01 15:00:00   NaN
2021-09-01 18:00:00   NaN
2021-09-01 21:00:00   NaN
2021-09-02 00:00:00   NaN
                       ..
2021-09-30 09:00:00   NaN
2021-09-30 12:00:00   NaN
2021-09-30 15:00:00   NaN
2021-09-30 18:00:00   NaN
2021-09-30 21:00:00   NaN
Name: od550aero, Length: 220, dtype: float32
TOT1 time
2021-09-01 12:00:00   NaN
2021-09-01 15:00:00   NaN
2021-09-01 18:00:00   NaN
2021-09-01 21:00:00   NaN
2021-09-02 00:00:00   NaN
                       ..
2021-09-30 09:00:00   NaN
2021-09-30 12:00:00   NaN
2021-09-30 15:00:00   NaN
2021-09-30 18:00:00   NaN
2021-09-30 21:00:00   NaN
Name: od550_dust, Length: 220, dtype: float64 TOT2 time
2021-09-01 12:00:00   NaN
2021-09-01 15:00:00   NaN
2021-09-01 18:00:00   NaN
2021-09-01 21:00:00   NaN
2021-09-02 00:00:00   NaN
                       ..
2021-09-30 09:00:00   NaN
2021-09-30 12:00:00   NaN
2021-09-30 15:00:00   NaN
2021-09-30 18:00:00   NaN
2021-09-30 21:00:00   NaN
Name: od550aero, Length: 220, dtype: float32
TOT1 time
2021-09-01 12:00:00   NaN
2021-09-01 15:00:00   NaN
2021-09-01 18:00:00   NaN
2021-09-01 21:00:00   NaN
2021-09-02 00:00:00   NaN
                       ..
2021-09-30 09:00:00   NaN
2021-09-30 12:00:00   NaN
2021-09-30 15:00:00   NaN
2021-09-30 18:00:00   NaN
2021-09-30 21:00:00   NaN
Name: od550_dust, Length: 220, dtype: float64 TOT2 time
2021-09-01 12:00:00   NaN
2021-09-01 15:00:00   NaN
2021-09-01 18:00:00   NaN
2021-09-01 21:00:00   NaN
2021-09-02 00:00:00   NaN
                       ..
2021-09-30 09:00:00   NaN
2021-09-30 12:00:00   NaN
2021-09-30 15:00:00   NaN
2021-09-30 18:00:00   NaN
2021-09-30 21:00:00   NaN
Name: od550aero, Length: 220, dtype: float32
TOT1 time
2021-09-01 12:00:00   NaN
2021-09-01 15:00:00   NaN
2021-09-01 18:00:00   NaN
2021-09-01 21:00:00   NaN
2021-09-02 00:00:00   NaN
                       ..
2021-09-30 09:00:00   NaN
2021-09-30 12:00:00   NaN
2021-09-30 15:00:00   NaN
2021-09-30 18:00:00   NaN
2021-09-30 21:00:00   NaN
Name: od550_dust, Length: 220, dtype: float64 TOT2 time
2021-09-01 12:00:00   NaN
2021-09-01 15:00:00   NaN
2021-09-01 18:00:00   NaN
2021-09-01 21:00:00   NaN
2021-09-02 00:00:00   NaN
                       ..
2021-09-30 09:00:00   NaN
2021-09-30 12:00:00   NaN
2021-09-30 15:00:00   NaN
2021-09-30 18:00:00   NaN
2021-09-30 21:00:00   NaN
Name: od550aero, Length: 220, dtype: float32
TOT1 time
2021-09-01 12:00:00    3.670164e-02
2021-09-01 15:00:00    2.319345e-02
2021-09-01 18:00:00    1.929494e-02
2021-09-01 21:00:00    1.506939e-02
2021-09-02 00:00:00    1.094051e-02
                           ...     
2021-09-30 09:00:00    1.674614e-06
2021-09-30 12:00:00    2.787575e-06
2021-09-30 15:00:00    1.235198e-06
2021-09-30 18:00:00    4.965314e-07
2021-09-30 21:00:00    2.953855e-07
Name: od550_dust, Length: 220, dtype: float64 TOT2 time
2021-09-01 12:00:00   NaN
2021-09-01 15:00:00   NaN
2021-09-01 18:00:00   NaN
2021-09-01 21:00:00   NaN
2021-09-02 00:00:00   NaN
                       ..
2021-09-30 09:00:00   NaN
2021-09-30 12:00:00   NaN
2021-09-30 15:00:00   NaN
2021-09-30 18:00:00   NaN
2021-09-30 21:00:00   NaN
Name: od550aero, Length: 220, dtype: float32
TOT1 time
2021-09-01 12:00:00   NaN
2021-09-01 15:00:00   NaN
2021-09-01 18:00:00   NaN
2021-09-01 21:00:00   NaN
2021-09-02 00:00:00   NaN
                       ..
2021-09-30 09:00:00   NaN
2021-09-30 12:00:00   NaN
2021-09-30 15:00:00   NaN
2021-09-30 18:00:00   NaN
2021-09-30 21:00:00   NaN
Name: od550_dust, Length: 220, dtype: float64 TOT2 time
2021-09-01 12:00:00   NaN
2021-09-01 15:00:00   NaN
2021-09-01 18:00:00   NaN
2021-09-01 21:00:00   NaN
2021-09-02 00:00:00   NaN
                       ..
2021-09-30 09:00:00   NaN
2021-09-30 12:00:00   NaN
2021-09-30 15:00:00   NaN
2021-09-30 18:00:00   NaN
2021-09-30 21:00:00   NaN
Name: od550aero, Length: 220, dtype: float32
TOT1 time
2021-09-01 12:00:00   NaN
2021-09-01 15:00:00   NaN
2021-09-01 18:00:00   NaN
2021-09-01 21:00:00   NaN
2021-09-02 00:00:00   NaN
                       ..
2021-09-30 09:00:00   NaN
2021-09-30 12:00:00   NaN
2021-09-30 15:00:00   NaN
2021-09-30 18:00:00   NaN
2021-09-30 21:00:00   NaN
Name: od550_dust, Length: 220, dtype: float64 TOT2 time
2021-09-01 12:00:00   NaN
2021-09-01 15:00:00   NaN
2021-09-01 18:00:00   NaN
2021-09-01 21:00:00   NaN
2021-09-02 00:00:00   NaN
                       ..
2021-09-30 09:00:00   NaN
2021-09-30 12:00:00   NaN
2021-09-30 15:00:00   NaN
2021-09-30 18:00:00   NaN
2021-09-30 21:00:00   NaN
Name: od550aero, Length: 220, dtype: float32
TOT1 time
2021-09-01 12:00:00   NaN
2021-09-01 15:00:00   NaN
2021-09-01 18:00:00   NaN
2021-09-01 21:00:00   NaN
2021-09-02 00:00:00   NaN
                       ..
2021-09-30 09:00:00   NaN
2021-09-30 12:00:00   NaN
2021-09-30 15:00:00   NaN
2021-09-30 18:00:00   NaN
2021-09-30 21:00:00   NaN
Name: od550_dust, Length: 220, dtype: float64 TOT2 time
2021-09-01 12:00:00   NaN
2021-09-01 15:00:00   NaN
2021-09-01 18:00:00   NaN
2021-09-01 21:00:00   NaN
2021-09-02 00:00:00   NaN
                       ..
2021-09-30 09:00:00   NaN
2021-09-30 12:00:00   NaN
2021-09-30 15:00:00   NaN
2021-09-30 18:00:00   NaN
2021-09-30 21:00:00   NaN
Name: od550aero, Length: 220, dtype: float32
TOT1 time
2021-09-01 12:00:00   NaN
2021-09-01 15:00:00   NaN
2021-09-01 18:00:00   NaN
2021-09-01 21:00:00   NaN
2021-09-02 00:00:00   NaN
                       ..
2021-09-30 09:00:00   NaN
2021-09-30 12:00:00   NaN
2021-09-30 15:00:00   NaN
2021-09-30 18:00:00   NaN
2021-09-30 21:00:00   NaN
Name: od550_dust, Length: 220, dtype: float64 TOT2 time
2021-09-01 12:00:00   NaN
2021-09-01 15:00:00   NaN
2021-09-01 18:00:00   NaN
2021-09-01 21:00:00   NaN
2021-09-02 00:00:00   NaN
                       ..
2021-09-30 09:00:00   NaN
2021-09-30 12:00:00   NaN
2021-09-30 15:00:00   NaN
2021-09-30 18:00:00   NaN
2021-09-30 21:00:00   NaN
Name: od550aero, Length: 220, dtype: float32
TOT1 time
2021-09-01 12:00:00   NaN
2021-09-01 15:00:00   NaN
2021-09-01 18:00:00   NaN
2021-09-01 21:00:00   NaN
2021-09-02 00:00:00   NaN
                       ..
2021-09-30 09:00:00   NaN
2021-09-30 12:00:00   NaN
2021-09-30 15:00:00   NaN
2021-09-30 18:00:00   NaN
2021-09-30 21:00:00   NaN
Name: od550_dust, Length: 220, dtype: float64 TOT2 time
2021-09-01 12:00:00   NaN
2021-09-01 15:00:00   NaN
2021-09-01 18:00:00   NaN
2021-09-01 21:00:00   NaN
2021-09-02 00:00:00   NaN
                       ..
2021-09-30 09:00:00   NaN
2021-09-30 12:00:00   NaN
2021-09-30 15:00:00   NaN
2021-09-30 18:00:00   NaN
2021-09-30 21:00:00   NaN
Name: od550aero, Length: 220, dtype: float32
TOT1 time
2021-09-01 12:00:00    0.004358
2021-09-01 15:00:00    0.001722
2021-09-01 18:00:00    0.006110
2021-09-01 21:00:00    0.006488
2021-09-02 00:00:00    0.004579
                         ...   
2021-09-30 09:00:00    0.012659
2021-09-30 12:00:00    0.016843
2021-09-30 15:00:00    0.017656
2021-09-30 18:00:00    0.018831
2021-09-30 21:00:00    0.015949
Name: od550_dust, Length: 220, dtype: float64 TOT2 time
2021-09-01 12:00:00   NaN
2021-09-01 15:00:00   NaN
2021-09-01 18:00:00   NaN
2021-09-01 21:00:00   NaN
2021-09-02 00:00:00   NaN
                       ..
2021-09-30 09:00:00   NaN
2021-09-30 12:00:00   NaN
2021-09-30 15:00:00   NaN
2021-09-30 18:00:00   NaN
2021-09-30 21:00:00   NaN
Name: od550aero, Length: 220, dtype: float32
TOT1 time
2021-09-01 12:00:00   NaN
2021-09-01 15:00:00   NaN
2021-09-01 18:00:00   NaN
2021-09-01 21:00:00   NaN
2021-09-02 00:00:00   NaN
                       ..
2021-09-30 09:00:00   NaN
2021-09-30 12:00:00   NaN
2021-09-30 15:00:00   NaN
2021-09-30 18:00:00   NaN
2021-09-30 21:00:00   NaN
Name: od550_dust, Length: 220, dtype: float64 TOT2 time
2021-09-01 12:00:00   NaN
2021-09-01 15:00:00   NaN
2021-09-01 18:00:00   NaN
2021-09-01 21:00:00   NaN
2021-09-02 00:00:00   NaN
                       ..
2021-09-30 09:00:00   NaN
2021-09-30 12:00:00   NaN
2021-09-30 15:00:00   NaN
2021-09-30 18:00:00   NaN
2021-09-30 21:00:00   NaN
Name: od550aero, Length: 220, dtype: float32
TOT1 time
2021-09-01 12:00:00   NaN
2021-09-01 15:00:00   NaN
2021-09-01 18:00:00   NaN
2021-09-01 21:00:00   NaN
2021-09-02 00:00:00   NaN
                       ..
2021-09-30 09:00:00   NaN
2021-09-30 12:00:00   NaN
2021-09-30 15:00:00   NaN
2021-09-30 18:00:00   NaN
2021-09-30 21:00:00   NaN
Name: od550_dust, Length: 220, dtype: float64 TOT2 time
2021-09-01 12:00:00   NaN
2021-09-01 15:00:00   NaN
2021-09-01 18:00:00   NaN
2021-09-01 21:00:00   NaN
2021-09-02 00:00:00   NaN
                       ..
2021-09-30 09:00:00   NaN
2021-09-30 12:00:00   NaN
2021-09-30 15:00:00   NaN
2021-09-30 18:00:00   NaN
2021-09-30 21:00:00   NaN
Name: od550aero, Length: 220, dtype: float32
TOT1 time
2021-09-01 12:00:00   NaN
2021-09-01 15:00:00   NaN
2021-09-01 18:00:00   NaN
2021-09-01 21:00:00   NaN
2021-09-02 00:00:00   NaN
                       ..
2021-09-30 09:00:00   NaN
2021-09-30 12:00:00   NaN
2021-09-30 15:00:00   NaN
2021-09-30 18:00:00   NaN
2021-09-30 21:00:00   NaN
Name: od550_dust, Length: 220, dtype: float64 TOT2 time
2021-09-01 12:00:00   NaN
2021-09-01 15:00:00   NaN
2021-09-01 18:00:00   NaN
2021-09-01 21:00:00   NaN
2021-09-02 00:00:00   NaN
                       ..
2021-09-30 09:00:00   NaN
2021-09-30 12:00:00   NaN
2021-09-30 15:00:00   NaN
2021-09-30 18:00:00   NaN
2021-09-30 21:00:00   NaN
Name: od550aero, Length: 220, dtype: float32
TOT1 time
2021-09-01 12:00:00    0.002626
2021-09-01 15:00:00    0.002450
2021-09-01 18:00:00    0.002615
2021-09-01 21:00:00    0.004053
2021-09-02 00:00:00    0.064778
                         ...   
2021-09-30 09:00:00    0.000605
2021-09-30 12:00:00    0.001331
2021-09-30 15:00:00    0.001636
2021-09-30 18:00:00    0.003743
2021-09-30 21:00:00    0.003268
Name: od550_dust, Length: 220, dtype: float64 TOT2 time
2021-09-01 12:00:00   NaN
2021-09-01 15:00:00   NaN
2021-09-01 18:00:00   NaN
2021-09-01 21:00:00   NaN
2021-09-02 00:00:00   NaN
                       ..
2021-09-30 09:00:00   NaN
2021-09-30 12:00:00   NaN
2021-09-30 15:00:00   NaN
2021-09-30 18:00:00   NaN
2021-09-30 21:00:00   NaN
Name: od550aero, Length: 220, dtype: float32
TOT1 time
2021-09-01 12:00:00   NaN
2021-09-01 15:00:00   NaN
2021-09-01 18:00:00   NaN
2021-09-01 21:00:00   NaN
2021-09-02 00:00:00   NaN
                       ..
2021-09-30 09:00:00   NaN
2021-09-30 12:00:00   NaN
2021-09-30 15:00:00   NaN
2021-09-30 18:00:00   NaN
2021-09-30 21:00:00   NaN
Name: od550_dust, Length: 220, dtype: float64 TOT2 time
2021-09-01 12:00:00   NaN
2021-09-01 15:00:00   NaN
2021-09-01 18:00:00   NaN
2021-09-01 21:00:00   NaN
2021-09-02 00:00:00   NaN
                       ..
2021-09-30 09:00:00   NaN
2021-09-30 12:00:00   NaN
2021-09-30 15:00:00   NaN
2021-09-30 18:00:00   NaN
2021-09-30 21:00:00   NaN
Name: od550aero, Length: 220, dtype: float32
TOT1 time
2021-09-01 12:00:00   NaN
2021-09-01 15:00:00   NaN
2021-09-01 18:00:00   NaN
2021-09-01 21:00:00   NaN
2021-09-02 00:00:00   NaN
                       ..
2021-09-30 09:00:00   NaN
2021-09-30 12:00:00   NaN
2021-09-30 15:00:00   NaN
2021-09-30 18:00:00   NaN
2021-09-30 21:00:00   NaN
Name: od550_dust, Length: 220, dtype: float64 TOT2 time
2021-09-01 12:00:00   NaN
2021-09-01 15:00:00   NaN
2021-09-01 18:00:00   NaN
2021-09-01 21:00:00   NaN
2021-09-02 00:00:00   NaN
                       ..
2021-09-30 09:00:00   NaN
2021-09-30 12:00:00   NaN
2021-09-30 15:00:00   NaN
2021-09-30 18:00:00   NaN
2021-09-30 21:00:00   NaN
Name: od550aero, Length: 220, dtype: float32
TOT1 time
2021-09-01 12:00:00   NaN
2021-09-01 15:00:00   NaN
2021-09-01 18:00:00   NaN
2021-09-01 21:00:00   NaN
2021-09-02 00:00:00   NaN
                       ..
2021-09-30 09:00:00   NaN
2021-09-30 12:00:00   NaN
2021-09-30 15:00:00   NaN
2021-09-30 18:00:00   NaN
2021-09-30 21:00:00   NaN
Name: od550_dust, Length: 220, dtype: float64 TOT2 time
2021-09-01 12:00:00   NaN
2021-09-01 15:00:00   NaN
2021-09-01 18:00:00   NaN
2021-09-01 21:00:00   NaN
2021-09-02 00:00:00   NaN
                       ..
2021-09-30 09:00:00   NaN
2021-09-30 12:00:00   NaN
2021-09-30 15:00:00   NaN
2021-09-30 18:00:00   NaN
2021-09-30 21:00:00   NaN
Name: od550aero, Length: 220, dtype: float32
TOT1 time
2021-09-01 12:00:00   NaN
2021-09-01 15:00:00   NaN
2021-09-01 18:00:00   NaN
2021-09-01 21:00:00   NaN
2021-09-02 00:00:00   NaN
                       ..
2021-09-30 09:00:00   NaN
2021-09-30 12:00:00   NaN
2021-09-30 15:00:00   NaN
2021-09-30 18:00:00   NaN
2021-09-30 21:00:00   NaN
Name: od550_dust, Length: 220, dtype: float64 TOT2 time
2021-09-01 12:00:00   NaN
2021-09-01 15:00:00   NaN
2021-09-01 18:00:00   NaN
2021-09-01 21:00:00   NaN
2021-09-02 00:00:00   NaN
                       ..
2021-09-30 09:00:00   NaN
2021-09-30 12:00:00   NaN
2021-09-30 15:00:00   NaN
2021-09-30 18:00:00   NaN
2021-09-30 21:00:00   NaN
Name: od550aero, Length: 220, dtype: float32
TOT1 time
2021-09-01 12:00:00   NaN
2021-09-01 15:00:00   NaN
2021-09-01 18:00:00   NaN
2021-09-01 21:00:00   NaN
2021-09-02 00:00:00   NaN
                       ..
2021-09-30 09:00:00   NaN
2021-09-30 12:00:00   NaN
2021-09-30 15:00:00   NaN
2021-09-30 18:00:00   NaN
2021-09-30 21:00:00   NaN
Name: od550_dust, Length: 220, dtype: float64 TOT2 time
2021-09-01 12:00:00   NaN
2021-09-01 15:00:00   NaN
2021-09-01 18:00:00   NaN
2021-09-01 21:00:00   NaN
2021-09-02 00:00:00   NaN
                       ..
2021-09-30 09:00:00   NaN
2021-09-30 12:00:00   NaN
2021-09-30 15:00:00   NaN
2021-09-30 18:00:00   NaN
2021-09-30 21:00:00   NaN
Name: od550aero, Length: 220, dtype: float32
TOT1 time
2021-09-01 12:00:00   NaN
2021-09-01 15:00:00   NaN
2021-09-01 18:00:00   NaN
2021-09-01 21:00:00   NaN
2021-09-02 00:00:00   NaN
                       ..
2021-09-30 09:00:00   NaN
2021-09-30 12:00:00   NaN
2021-09-30 15:00:00   NaN
2021-09-30 18:00:00   NaN
2021-09-30 21:00:00   NaN
Name: od550_dust, Length: 220, dtype: float64 TOT2 time
2021-09-01 12:00:00   NaN
2021-09-01 15:00:00   NaN
2021-09-01 18:00:00   NaN
2021-09-01 21:00:00   NaN
2021-09-02 00:00:00   NaN
                       ..
2021-09-30 09:00:00   NaN
2021-09-30 12:00:00   NaN
2021-09-30 15:00:00   NaN
2021-09-30 18:00:00   NaN
2021-09-30 21:00:00   NaN
Name: od550aero, Length: 220, dtype: float32
TOT1 time
2021-09-01 12:00:00   NaN
2021-09-01 15:00:00   NaN
2021-09-01 18:00:00   NaN
2021-09-01 21:00:00   NaN
2021-09-02 00:00:00   NaN
                       ..
2021-09-30 09:00:00   NaN
2021-09-30 12:00:00   NaN
2021-09-30 15:00:00   NaN
2021-09-30 18:00:00   NaN
2021-09-30 21:00:00   NaN
Name: od550_dust, Length: 220, dtype: float64 TOT2 time
2021-09-01 12:00:00   NaN
2021-09-01 15:00:00   NaN
2021-09-01 18:00:00   NaN
2021-09-01 21:00:00   NaN
2021-09-02 00:00:00   NaN
                       ..
2021-09-30 09:00:00   NaN
2021-09-30 12:00:00   NaN
2021-09-30 15:00:00   NaN
2021-09-30 18:00:00   NaN
2021-09-30 21:00:00   NaN
Name: od550aero, Length: 220, dtype: float32
TOT1 time
2021-09-01 12:00:00    0.234105
2021-09-01 15:00:00    0.296162
2021-09-01 18:00:00    0.275000
2021-09-01 21:00:00    0.186397
2021-09-02 00:00:00    0.097878
                         ...   
2021-09-30 09:00:00    0.000374
2021-09-30 12:00:00    0.000267
2021-09-30 15:00:00    0.000202
2021-09-30 18:00:00    0.000157
2021-09-30 21:00:00    0.000208
Name: od550_dust, Length: 220, dtype: float64 TOT2 time
2021-09-01 12:00:00   NaN
2021-09-01 15:00:00   NaN
2021-09-01 18:00:00   NaN
2021-09-01 21:00:00   NaN
2021-09-02 00:00:00   NaN
                       ..
2021-09-30 09:00:00   NaN
2021-09-30 12:00:00   NaN
2021-09-30 15:00:00   NaN
2021-09-30 18:00:00   NaN
2021-09-30 21:00:00   NaN
Name: od550aero, Length: 220, dtype: float32
TOT1 time
2021-09-01 12:00:00   NaN
2021-09-01 15:00:00   NaN
2021-09-01 18:00:00   NaN
2021-09-01 21:00:00   NaN
2021-09-02 00:00:00   NaN
                       ..
2021-09-30 09:00:00   NaN
2021-09-30 12:00:00   NaN
2021-09-30 15:00:00   NaN
2021-09-30 18:00:00   NaN
2021-09-30 21:00:00   NaN
Name: od550_dust, Length: 220, dtype: float64 TOT2 time
2021-09-01 12:00:00   NaN
2021-09-01 15:00:00   NaN
2021-09-01 18:00:00   NaN
2021-09-01 21:00:00   NaN
2021-09-02 00:00:00   NaN
                       ..
2021-09-30 09:00:00   NaN
2021-09-30 12:00:00   NaN
2021-09-30 15:00:00   NaN
2021-09-30 18:00:00   NaN
2021-09-30 21:00:00   NaN
Name: od550aero, Length: 220, dtype: float32
TOT1 time
2021-09-01 12:00:00   NaN
2021-09-01 15:00:00   NaN
2021-09-01 18:00:00   NaN
2021-09-01 21:00:00   NaN
2021-09-02 00:00:00   NaN
                       ..
2021-09-30 09:00:00   NaN
2021-09-30 12:00:00   NaN
2021-09-30 15:00:00   NaN
2021-09-30 18:00:00   NaN
2021-09-30 21:00:00   NaN
Name: od550_dust, Length: 220, dtype: float64 TOT2 time
2021-09-01 12:00:00   NaN
2021-09-01 15:00:00   NaN
2021-09-01 18:00:00   NaN
2021-09-01 21:00:00   NaN
2021-09-02 00:00:00   NaN
                       ..
2021-09-30 09:00:00   NaN
2021-09-30 12:00:00   NaN
2021-09-30 15:00:00   NaN
2021-09-30 18:00:00   NaN
2021-09-30 21:00:00   NaN
Name: od550aero, Length: 220, dtype: float32
TOT1 time
2021-09-01 12:00:00   NaN
2021-09-01 15:00:00   NaN
2021-09-01 18:00:00   NaN
2021-09-01 21:00:00   NaN
2021-09-02 00:00:00   NaN
                       ..
2021-09-30 09:00:00   NaN
2021-09-30 12:00:00   NaN
2021-09-30 15:00:00   NaN
2021-09-30 18:00:00   NaN
2021-09-30 21:00:00   NaN
Name: od550_dust, Length: 220, dtype: float64 TOT2 time
2021-09-01 12:00:00   NaN
2021-09-01 15:00:00   NaN
2021-09-01 18:00:00   NaN
2021-09-01 21:00:00   NaN
2021-09-02 00:00:00   NaN
                       ..
2021-09-30 09:00:00   NaN
2021-09-30 12:00:00   NaN
2021-09-30 15:00:00   NaN
2021-09-30 18:00:00   NaN
2021-09-30 21:00:00   NaN
Name: od550aero, Length: 220, dtype: float32
TOT1 time
2021-09-01 12:00:00   NaN
2021-09-01 15:00:00   NaN
2021-09-01 18:00:00   NaN
2021-09-01 21:00:00   NaN
2021-09-02 00:00:00   NaN
                       ..
2021-09-30 09:00:00   NaN
2021-09-30 12:00:00   NaN
2021-09-30 15:00:00   NaN
2021-09-30 18:00:00   NaN
2021-09-30 21:00:00   NaN
Name: od550_dust, Length: 220, dtype: float64 TOT2 time
2021-09-01 12:00:00   NaN
2021-09-01 15:00:00   NaN
2021-09-01 18:00:00   NaN
2021-09-01 21:00:00   NaN
2021-09-02 00:00:00   NaN
                       ..
2021-09-30 09:00:00   NaN
2021-09-30 12:00:00   NaN
2021-09-30 15:00:00   NaN
2021-09-30 18:00:00   NaN
2021-09-30 21:00:00   NaN
Name: od550aero, Length: 220, dtype: float32
TOT1 time
2021-09-01 12:00:00    0.006082
2021-09-01 15:00:00    0.002265
2021-09-01 18:00:00    0.000770
2021-09-01 21:00:00    0.001067
2021-09-02 00:00:00    0.001172
                         ...   
2021-09-30 09:00:00    0.000156
2021-09-30 12:00:00    0.000232
2021-09-30 15:00:00    0.000439
2021-09-30 18:00:00    0.000478
2021-09-30 21:00:00    0.000386
Name: od550_dust, Length: 220, dtype: float64 TOT2 time
2021-09-01 12:00:00   NaN
2021-09-01 15:00:00   NaN
2021-09-01 18:00:00   NaN
2021-09-01 21:00:00   NaN
2021-09-02 00:00:00   NaN
                       ..
2021-09-30 09:00:00   NaN
2021-09-30 12:00:00   NaN
2021-09-30 15:00:00   NaN
2021-09-30 18:00:00   NaN
2021-09-30 21:00:00   NaN
Name: od550aero, Length: 220, dtype: float32
TOT1 time
2021-09-01 12:00:00   NaN
2021-09-01 15:00:00   NaN
2021-09-01 18:00:00   NaN
2021-09-01 21:00:00   NaN
2021-09-02 00:00:00   NaN
                       ..
2021-09-30 09:00:00   NaN
2021-09-30 12:00:00   NaN
2021-09-30 15:00:00   NaN
2021-09-30 18:00:00   NaN
2021-09-30 21:00:00   NaN
Name: od550_dust, Length: 220, dtype: float64 TOT2 time
2021-09-01 12:00:00   NaN
2021-09-01 15:00:00   NaN
2021-09-01 18:00:00   NaN
2021-09-01 21:00:00   NaN
2021-09-02 00:00:00   NaN
                       ..
2021-09-30 09:00:00   NaN
2021-09-30 12:00:00   NaN
2021-09-30 15:00:00   NaN
2021-09-30 18:00:00   NaN
2021-09-30 21:00:00   NaN
Name: od550aero, Length: 220, dtype: float32
TOT1 time
2021-09-01 12:00:00   NaN
2021-09-01 15:00:00   NaN
2021-09-01 18:00:00   NaN
2021-09-01 21:00:00   NaN
2021-09-02 00:00:00   NaN
                       ..
2021-09-30 09:00:00   NaN
2021-09-30 12:00:00   NaN
2021-09-30 15:00:00   NaN
2021-09-30 18:00:00   NaN
2021-09-30 21:00:00   NaN
Name: od550_dust, Length: 220, dtype: float64 TOT2 time
2021-09-01 12:00:00   NaN
2021-09-01 15:00:00   NaN
2021-09-01 18:00:00   NaN
2021-09-01 21:00:00   NaN
2021-09-02 00:00:00   NaN
                       ..
2021-09-30 09:00:00   NaN
2021-09-30 12:00:00   NaN
2021-09-30 15:00:00   NaN
2021-09-30 18:00:00   NaN
2021-09-30 21:00:00   NaN
Name: od550aero, Length: 220, dtype: float32
TOT1 time
2021-09-01 12:00:00   NaN
2021-09-01 15:00:00   NaN
2021-09-01 18:00:00   NaN
2021-09-01 21:00:00   NaN
2021-09-02 00:00:00   NaN
                       ..
2021-09-30 09:00:00   NaN
2021-09-30 12:00:00   NaN
2021-09-30 15:00:00   NaN
2021-09-30 18:00:00   NaN
2021-09-30 21:00:00   NaN
Name: od550_dust, Length: 220, dtype: float64 TOT2 time
2021-09-01 12:00:00   NaN
2021-09-01 15:00:00   NaN
2021-09-01 18:00:00   NaN
2021-09-01 21:00:00   NaN
2021-09-02 00:00:00   NaN
                       ..
2021-09-30 09:00:00   NaN
2021-09-30 12:00:00   NaN
2021-09-30 15:00:00   NaN
2021-09-30 18:00:00   NaN
2021-09-30 21:00:00   NaN
Name: od550aero, Length: 220, dtype: float32
TOT1 time
2021-09-01 12:00:00   NaN
2021-09-01 15:00:00   NaN
2021-09-01 18:00:00   NaN
2021-09-01 21:00:00   NaN
2021-09-02 00:00:00   NaN
                       ..
2021-09-30 09:00:00   NaN
2021-09-30 12:00:00   NaN
2021-09-30 15:00:00   NaN
2021-09-30 18:00:00   NaN
2021-09-30 21:00:00   NaN
Name: od550_dust, Length: 220, dtype: float64 TOT2 time
2021-09-01 12:00:00   NaN
2021-09-01 15:00:00   NaN
2021-09-01 18:00:00   NaN
2021-09-01 21:00:00   NaN
2021-09-02 00:00:00   NaN
                       ..
2021-09-30 09:00:00   NaN
2021-09-30 12:00:00   NaN
2021-09-30 15:00:00   NaN
2021-09-30 18:00:00   NaN
2021-09-30 21:00:00   NaN
Name: od550aero, Length: 220, dtype: float32
TOT1 time
2021-09-01 12:00:00    0.362712
2021-09-01 15:00:00    0.328466
2021-09-01 18:00:00    0.264137
2021-09-01 21:00:00    0.303229
2021-09-02 00:00:00    0.404921
                         ...   
2021-09-30 09:00:00    0.001365
2021-09-30 12:00:00    0.001398
2021-09-30 15:00:00    0.001359
2021-09-30 18:00:00    0.001526
2021-09-30 21:00:00    0.002696
Name: od550_dust, Length: 220, dtype: float64 TOT2 time
2021-09-01 12:00:00         NaN
2021-09-01 15:00:00    0.285169
2021-09-01 18:00:00    0.309508
2021-09-01 21:00:00         NaN
2021-09-02 00:00:00         NaN
                         ...   
2021-09-30 09:00:00         NaN
2021-09-30 12:00:00         NaN
2021-09-30 15:00:00         NaN
2021-09-30 18:00:00         NaN
2021-09-30 21:00:00         NaN
Name: od550aero, Length: 220, dtype: float32
TOT1 time
2021-09-01 12:00:00   NaN
2021-09-01 15:00:00   NaN
2021-09-01 18:00:00   NaN
2021-09-01 21:00:00   NaN
2021-09-02 00:00:00   NaN
                       ..
2021-09-30 09:00:00   NaN
2021-09-30 12:00:00   NaN
2021-09-30 15:00:00   NaN
2021-09-30 18:00:00   NaN
2021-09-30 21:00:00   NaN
Name: od550_dust, Length: 220, dtype: float64 TOT2 time
2021-09-01 12:00:00   NaN
2021-09-01 15:00:00   NaN
2021-09-01 18:00:00   NaN
2021-09-01 21:00:00   NaN
2021-09-02 00:00:00   NaN
                       ..
2021-09-30 09:00:00   NaN
2021-09-30 12:00:00   NaN
2021-09-30 15:00:00   NaN
2021-09-30 18:00:00   NaN
2021-09-30 21:00:00   NaN
Name: od550aero, Length: 220, dtype: float32
TOT1 time
2021-09-01 12:00:00    0.006733
2021-09-01 15:00:00    0.008401
2021-09-01 18:00:00    0.030138
2021-09-01 21:00:00    0.053864
2021-09-02 00:00:00    0.048870
                         ...   
2021-09-30 09:00:00    0.013146
2021-09-30 12:00:00    0.010584
2021-09-30 15:00:00    0.012747
2021-09-30 18:00:00    0.012742
2021-09-30 21:00:00    0.010856
Name: od550_dust, Length: 220, dtype: float64 TOT2 time
2021-09-01 12:00:00   NaN
2021-09-01 15:00:00   NaN
2021-09-01 18:00:00   NaN
2021-09-01 21:00:00   NaN
2021-09-02 00:00:00   NaN
                       ..
2021-09-30 09:00:00   NaN
2021-09-30 12:00:00   NaN
2021-09-30 15:00:00   NaN
2021-09-30 18:00:00   NaN
2021-09-30 21:00:00   NaN
Name: od550aero, Length: 220, dtype: float32
TOT1 time
2021-09-01 12:00:00    0.408870
2021-09-01 15:00:00    0.470980
2021-09-01 18:00:00    0.423251
2021-09-01 21:00:00    0.476031
2021-09-02 00:00:00    0.484368
                         ...   
2021-09-30 09:00:00    0.013913
2021-09-30 12:00:00    0.016962
2021-09-30 15:00:00    0.007053
2021-09-30 18:00:00    0.002959
2021-09-30 21:00:00    0.002929
Name: od550_dust, Length: 220, dtype: float64 TOT2 time
2021-09-01 12:00:00    0.388927
2021-09-01 15:00:00    0.410523
2021-09-01 18:00:00    0.459000
2021-09-01 21:00:00         NaN
2021-09-02 00:00:00         NaN
                         ...   
2021-09-30 09:00:00         NaN
2021-09-30 12:00:00         NaN
2021-09-30 15:00:00         NaN
2021-09-30 18:00:00         NaN
2021-09-30 21:00:00         NaN
Name: od550aero, Length: 220, dtype: float32
TOT1 time
2021-09-01 12:00:00    0.022874
2021-09-01 15:00:00    0.020925
2021-09-01 18:00:00    0.031906
2021-09-01 21:00:00    0.026698
2021-09-02 00:00:00    0.024882
                         ...   
2021-09-30 09:00:00    0.059925
2021-09-30 12:00:00    0.042600
2021-09-30 15:00:00    0.086883
2021-09-30 18:00:00    0.104436
2021-09-30 21:00:00    0.115902
Name: od550_dust, Length: 220, dtype: float64 TOT2 time
2021-09-01 12:00:00   NaN
2021-09-01 15:00:00   NaN
2021-09-01 18:00:00   NaN
2021-09-01 21:00:00   NaN
2021-09-02 00:00:00   NaN
                       ..
2021-09-30 09:00:00   NaN
2021-09-30 12:00:00   NaN
2021-09-30 15:00:00   NaN
2021-09-30 18:00:00   NaN
2021-09-30 21:00:00   NaN
Name: od550aero, Length: 220, dtype: float32
TOT1 time
2021-09-01 12:00:00   NaN
2021-09-01 15:00:00   NaN
2021-09-01 18:00:00   NaN
2021-09-01 21:00:00   NaN
2021-09-02 00:00:00   NaN
                       ..
2021-09-30 09:00:00   NaN
2021-09-30 12:00:00   NaN
2021-09-30 15:00:00   NaN
2021-09-30 18:00:00   NaN
2021-09-30 21:00:00   NaN
Name: od550_dust, Length: 220, dtype: float64 TOT2 time
2021-09-01 12:00:00   NaN
2021-09-01 15:00:00   NaN
2021-09-01 18:00:00   NaN
2021-09-01 21:00:00   NaN
2021-09-02 00:00:00   NaN
                       ..
2021-09-30 09:00:00   NaN
2021-09-30 12:00:00   NaN
2021-09-30 15:00:00   NaN
2021-09-30 18:00:00   NaN
2021-09-30 21:00:00   NaN
Name: od550aero, Length: 220, dtype: float32
TOT1 time
2021-09-01 12:00:00   NaN
2021-09-01 15:00:00   NaN
2021-09-01 18:00:00   NaN
2021-09-01 21:00:00   NaN
2021-09-02 00:00:00   NaN
                       ..
2021-09-30 09:00:00   NaN
2021-09-30 12:00:00   NaN
2021-09-30 15:00:00   NaN
2021-09-30 18:00:00   NaN
2021-09-30 21:00:00   NaN
Name: od550_dust, Length: 220, dtype: float64 TOT2 time
2021-09-01 12:00:00   NaN
2021-09-01 15:00:00   NaN
2021-09-01 18:00:00   NaN
2021-09-01 21:00:00   NaN
2021-09-02 00:00:00   NaN
                       ..
2021-09-30 09:00:00   NaN
2021-09-30 12:00:00   NaN
2021-09-30 15:00:00   NaN
2021-09-30 18:00:00   NaN
2021-09-30 21:00:00   NaN
Name: od550aero, Length: 220, dtype: float32
TOT1 time
2021-09-01 12:00:00   NaN
2021-09-01 15:00:00   NaN
2021-09-01 18:00:00   NaN
2021-09-01 21:00:00   NaN
2021-09-02 00:00:00   NaN
                       ..
2021-09-30 09:00:00   NaN
2021-09-30 12:00:00   NaN
2021-09-30 15:00:00   NaN
2021-09-30 18:00:00   NaN
2021-09-30 21:00:00   NaN
Name: od550_dust, Length: 220, dtype: float64 TOT2 time
2021-09-01 12:00:00   NaN
2021-09-01 15:00:00   NaN
2021-09-01 18:00:00   NaN
2021-09-01 21:00:00   NaN
2021-09-02 00:00:00   NaN
                       ..
2021-09-30 09:00:00   NaN
2021-09-30 12:00:00   NaN
2021-09-30 15:00:00   NaN
2021-09-30 18:00:00   NaN
2021-09-30 21:00:00   NaN
Name: od550aero, Length: 220, dtype: float32
TOT1 time
2021-09-01 12:00:00   NaN
2021-09-01 15:00:00   NaN
2021-09-01 18:00:00   NaN
2021-09-01 21:00:00   NaN
2021-09-02 00:00:00   NaN
                       ..
2021-09-30 09:00:00   NaN
2021-09-30 12:00:00   NaN
2021-09-30 15:00:00   NaN
2021-09-30 18:00:00   NaN
2021-09-30 21:00:00   NaN
Name: od550_dust, Length: 220, dtype: float64 TOT2 time
2021-09-01 12:00:00   NaN
2021-09-01 15:00:00   NaN
2021-09-01 18:00:00   NaN
2021-09-01 21:00:00   NaN
2021-09-02 00:00:00   NaN
                       ..
2021-09-30 09:00:00   NaN
2021-09-30 12:00:00   NaN
2021-09-30 15:00:00   NaN
2021-09-30 18:00:00   NaN
2021-09-30 21:00:00   NaN
Name: od550aero, Length: 220, dtype: float32
TOT1 time
2021-09-01 12:00:00   NaN
2021-09-01 15:00:00   NaN
2021-09-01 18:00:00   NaN
2021-09-01 21:00:00   NaN
2021-09-02 00:00:00   NaN
                       ..
2021-09-30 09:00:00   NaN
2021-09-30 12:00:00   NaN
2021-09-30 15:00:00   NaN
2021-09-30 18:00:00   NaN
2021-09-30 21:00:00   NaN
Name: od550_dust, Length: 220, dtype: float64 TOT2 time
2021-09-01 12:00:00   NaN
2021-09-01 15:00:00   NaN
2021-09-01 18:00:00   NaN
2021-09-01 21:00:00   NaN
2021-09-02 00:00:00   NaN
                       ..
2021-09-30 09:00:00   NaN
2021-09-30 12:00:00   NaN
2021-09-30 15:00:00   NaN
2021-09-30 18:00:00   NaN
2021-09-30 21:00:00   NaN
Name: od550aero, Length: 220, dtype: float32
TOT1 time
2021-09-01 12:00:00    0.006140
2021-09-01 15:00:00    0.039664
2021-09-01 18:00:00    0.057244
2021-09-01 21:00:00    0.044757
2021-09-02 00:00:00    0.039739
                         ...   
2021-09-30 09:00:00    0.027086
2021-09-30 12:00:00    0.017036
2021-09-30 15:00:00    0.010975
2021-09-30 18:00:00    0.011124
2021-09-30 21:00:00    0.008364
Name: od550_dust, Length: 220, dtype: float64 TOT2 time
2021-09-01 12:00:00   NaN
2021-09-01 15:00:00   NaN
2021-09-01 18:00:00   NaN
2021-09-01 21:00:00   NaN
2021-09-02 00:00:00   NaN
                       ..
2021-09-30 09:00:00   NaN
2021-09-30 12:00:00   NaN
2021-09-30 15:00:00   NaN
2021-09-30 18:00:00   NaN
2021-09-30 21:00:00   NaN
Name: od550aero, Length: 220, dtype: float32
TOT1 time
2021-09-01 12:00:00   NaN
2021-09-01 15:00:00   NaN
2021-09-01 18:00:00   NaN
2021-09-01 21:00:00   NaN
2021-09-02 00:00:00   NaN
                       ..
2021-09-30 09:00:00   NaN
2021-09-30 12:00:00   NaN
2021-09-30 15:00:00   NaN
2021-09-30 18:00:00   NaN
2021-09-30 21:00:00   NaN
Name: od550_dust, Length: 220, dtype: float64 TOT2 time
2021-09-01 12:00:00   NaN
2021-09-01 15:00:00   NaN
2021-09-01 18:00:00   NaN
2021-09-01 21:00:00   NaN
2021-09-02 00:00:00   NaN
                       ..
2021-09-30 09:00:00   NaN
2021-09-30 12:00:00   NaN
2021-09-30 15:00:00   NaN
2021-09-30 18:00:00   NaN
2021-09-30 21:00:00   NaN
Name: od550aero, Length: 220, dtype: float32
TOT1 time
2021-09-01 12:00:00    0.082535
2021-09-01 15:00:00    0.137152
2021-09-01 18:00:00    0.092661
2021-09-01 21:00:00    0.077071
2021-09-02 00:00:00    0.098053
                         ...   
2021-09-30 09:00:00    0.004926
2021-09-30 12:00:00    0.004115
2021-09-30 15:00:00    0.005226
2021-09-30 18:00:00    0.007922
2021-09-30 21:00:00    0.014090
Name: od550_dust, Length: 220, dtype: float64 TOT2 time
2021-09-01 12:00:00   NaN
2021-09-01 15:00:00   NaN
2021-09-01 18:00:00   NaN
2021-09-01 21:00:00   NaN
2021-09-02 00:00:00   NaN
                       ..
2021-09-30 09:00:00   NaN
2021-09-30 12:00:00   NaN
2021-09-30 15:00:00   NaN
2021-09-30 18:00:00   NaN
2021-09-30 21:00:00   NaN
Name: od550aero, Length: 220, dtype: float32
TOT1 time
2021-09-01 12:00:00   NaN
2021-09-01 15:00:00   NaN
2021-09-01 18:00:00   NaN
2021-09-01 21:00:00   NaN
2021-09-02 00:00:00   NaN
                       ..
2021-09-30 09:00:00   NaN
2021-09-30 12:00:00   NaN
2021-09-30 15:00:00   NaN
2021-09-30 18:00:00   NaN
2021-09-30 21:00:00   NaN
Name: od550_dust, Length: 220, dtype: float64 TOT2 time
2021-09-01 12:00:00   NaN
2021-09-01 15:00:00   NaN
2021-09-01 18:00:00   NaN
2021-09-01 21:00:00   NaN
2021-09-02 00:00:00   NaN
                       ..
2021-09-30 09:00:00   NaN
2021-09-30 12:00:00   NaN
2021-09-30 15:00:00   NaN
2021-09-30 18:00:00   NaN
2021-09-30 21:00:00   NaN
Name: od550aero, Length: 220, dtype: float32
TOT1 time
2021-09-01 12:00:00   NaN
2021-09-01 15:00:00   NaN
2021-09-01 18:00:00   NaN
2021-09-01 21:00:00   NaN
2021-09-02 00:00:00   NaN
                       ..
2021-09-30 09:00:00   NaN
2021-09-30 12:00:00   NaN
2021-09-30 15:00:00   NaN
2021-09-30 18:00:00   NaN
2021-09-30 21:00:00   NaN
Name: od550_dust, Length: 220, dtype: float64 TOT2 time
2021-09-01 12:00:00   NaN
2021-09-01 15:00:00   NaN
2021-09-01 18:00:00   NaN
2021-09-01 21:00:00   NaN
2021-09-02 00:00:00   NaN
                       ..
2021-09-30 09:00:00   NaN
2021-09-30 12:00:00   NaN
2021-09-30 15:00:00   NaN
2021-09-30 18:00:00   NaN
2021-09-30 21:00:00   NaN
Name: od550aero, Length: 220, dtype: float32
TOT1 time
2021-09-01 12:00:00   NaN
2021-09-01 15:00:00   NaN
2021-09-01 18:00:00   NaN
2021-09-01 21:00:00   NaN
2021-09-02 00:00:00   NaN
                       ..
2021-09-30 09:00:00   NaN
2021-09-30 12:00:00   NaN
2021-09-30 15:00:00   NaN
2021-09-30 18:00:00   NaN
2021-09-30 21:00:00   NaN
Name: od550_dust, Length: 220, dtype: float64 TOT2 time
2021-09-01 12:00:00   NaN
2021-09-01 15:00:00   NaN
2021-09-01 18:00:00   NaN
2021-09-01 21:00:00   NaN
2021-09-02 00:00:00   NaN
                       ..
2021-09-30 09:00:00   NaN
2021-09-30 12:00:00   NaN
2021-09-30 15:00:00   NaN
2021-09-30 18:00:00   NaN
2021-09-30 21:00:00   NaN
Name: od550aero, Length: 220, dtype: float32
TOT1 time
2021-09-01 12:00:00    0.005981
2021-09-01 15:00:00    0.009289
2021-09-01 18:00:00    0.040800
2021-09-01 21:00:00    0.054836
2021-09-02 00:00:00    0.045608
                         ...   
2021-09-30 09:00:00    0.014038
2021-09-30 12:00:00    0.011671
2021-09-30 15:00:00    0.010621
2021-09-30 18:00:00    0.012547
2021-09-30 21:00:00    0.011312
Name: od550_dust, Length: 220, dtype: float64 TOT2 time
2021-09-01 12:00:00   NaN
2021-09-01 15:00:00   NaN
2021-09-01 18:00:00   NaN
2021-09-01 21:00:00   NaN
2021-09-02 00:00:00   NaN
                       ..
2021-09-30 09:00:00   NaN
2021-09-30 12:00:00   NaN
2021-09-30 15:00:00   NaN
2021-09-30 18:00:00   NaN
2021-09-30 21:00:00   NaN
Name: od550aero, Length: 220, dtype: float32
TOT1 time
2021-09-01 12:00:00   NaN
2021-09-01 15:00:00   NaN
2021-09-01 18:00:00   NaN
2021-09-01 21:00:00   NaN
2021-09-02 00:00:00   NaN
                       ..
2021-09-30 09:00:00   NaN
2021-09-30 12:00:00   NaN
2021-09-30 15:00:00   NaN
2021-09-30 18:00:00   NaN
2021-09-30 21:00:00   NaN
Name: od550_dust, Length: 220, dtype: float64 TOT2 time
2021-09-01 12:00:00   NaN
2021-09-01 15:00:00   NaN
2021-09-01 18:00:00   NaN
2021-09-01 21:00:00   NaN
2021-09-02 00:00:00   NaN
                       ..
2021-09-30 09:00:00   NaN
2021-09-30 12:00:00   NaN
2021-09-30 15:00:00   NaN
2021-09-30 18:00:00   NaN
2021-09-30 21:00:00   NaN
Name: od550aero, Length: 220, dtype: float32
TOT1 time
2021-09-01 12:00:00   NaN
2021-09-01 15:00:00   NaN
2021-09-01 18:00:00   NaN
2021-09-01 21:00:00   NaN
2021-09-02 00:00:00   NaN
                       ..
2021-09-30 09:00:00   NaN
2021-09-30 12:00:00   NaN
2021-09-30 15:00:00   NaN
2021-09-30 18:00:00   NaN
2021-09-30 21:00:00   NaN
Name: od550_dust, Length: 220, dtype: float64 TOT2 time
2021-09-01 12:00:00   NaN
2021-09-01 15:00:00   NaN
2021-09-01 18:00:00   NaN
2021-09-01 21:00:00   NaN
2021-09-02 00:00:00   NaN
                       ..
2021-09-30 09:00:00   NaN
2021-09-30 12:00:00   NaN
2021-09-30 15:00:00   NaN
2021-09-30 18:00:00   NaN
2021-09-30 21:00:00   NaN
Name: od550aero, Length: 220, dtype: float32
TOT1 time
2021-09-01 12:00:00         NaN
2021-09-01 12:00:00         NaN
2021-09-01 12:00:00         NaN
2021-09-01 12:00:00         NaN
2021-09-01 12:00:00         NaN
                         ...   
2021-09-30 21:00:00    0.081468
2021-09-30 21:00:00         NaN
2021-09-30 21:00:00         NaN
2021-09-30 21:00:00         NaN
2021-09-30 21:00:00    0.093166
Name: od550_dust, Length: 43120, dtype: float64 TOT2 time
2021-09-01 12:00:00   NaN
2021-09-01 12:00:00   NaN
2021-09-01 12:00:00   NaN
2021-09-01 12:00:00   NaN
2021-09-01 12:00:00   NaN
                       ..
2021-09-30 21:00:00   NaN
2021-09-30 21:00:00   NaN
2021-09-30 21:00:00   NaN
2021-09-30 21:00:00   NaN
2021-09-30 21:00:00   NaN
Name: od550aero, Length: 43120, dtype: float32
TOT1 time
2021-09-01 12:00:00   NaN
2021-09-01 15:00:00   NaN
2021-09-01 18:00:00   NaN
2021-09-01 21:00:00   NaN
2021-09-02 00:00:00   NaN
                       ..
2021-09-30 09:00:00   NaN
2021-09-30 12:00:00   NaN
2021-09-30 15:00:00   NaN
2021-09-30 18:00:00   NaN
2021-09-30 21:00:00   NaN
Name: od550_dust, Length: 220, dtype: float64 TOT2 time
2021-09-01 12:00:00   NaN
2021-09-01 15:00:00   NaN
2021-09-01 18:00:00   NaN
2021-09-01 21:00:00   NaN
2021-09-02 00:00:00   NaN
                       ..
2021-09-30 09:00:00   NaN
2021-09-30 12:00:00   NaN
2021-09-30 15:00:00   NaN
2021-09-30 18:00:00   NaN
2021-09-30 21:00:00   NaN
Name: od550aero, Length: 220, dtype: float32
TOT1 time
2021-09-01 12:00:00   NaN
2021-09-01 15:00:00   NaN
2021-09-01 18:00:00   NaN
2021-09-01 21:00:00   NaN
2021-09-02 00:00:00   NaN
                       ..
2021-09-30 09:00:00   NaN
2021-09-30 12:00:00   NaN
2021-09-30 15:00:00   NaN
2021-09-30 18:00:00   NaN
2021-09-30 21:00:00   NaN
Name: od550_dust, Length: 220, dtype: float64 TOT2 time
2021-09-01 12:00:00   NaN
2021-09-01 15:00:00   NaN
2021-09-01 18:00:00   NaN
2021-09-01 21:00:00   NaN
2021-09-02 00:00:00   NaN
                       ..
2021-09-30 09:00:00   NaN
2021-09-30 12:00:00   NaN
2021-09-30 15:00:00   NaN
2021-09-30 18:00:00   NaN
2021-09-30 21:00:00   NaN
Name: od550aero, Length: 220, dtype: float32
TOT1 time
2021-09-01 12:00:00   NaN
2021-09-01 15:00:00   NaN
2021-09-01 18:00:00   NaN
2021-09-01 21:00:00   NaN
2021-09-02 00:00:00   NaN
                       ..
2021-09-30 09:00:00   NaN
2021-09-30 12:00:00   NaN
2021-09-30 15:00:00   NaN
2021-09-30 18:00:00   NaN
2021-09-30 21:00:00   NaN
Name: od550_dust, Length: 220, dtype: float64 TOT2 time
2021-09-01 12:00:00   NaN
2021-09-01 15:00:00   NaN
2021-09-01 18:00:00   NaN
2021-09-01 21:00:00   NaN
2021-09-02 00:00:00   NaN
                       ..
2021-09-30 09:00:00   NaN
2021-09-30 12:00:00   NaN
2021-09-30 15:00:00   NaN
2021-09-30 18:00:00   NaN
2021-09-30 21:00:00   NaN
Name: od550aero, Length: 220, dtype: float32
TOT1 time
2021-09-01 12:00:00   NaN
2021-09-01 15:00:00   NaN
2021-09-01 18:00:00   NaN
2021-09-01 21:00:00   NaN
2021-09-02 00:00:00   NaN
                       ..
2021-09-30 09:00:00   NaN
2021-09-30 12:00:00   NaN
2021-09-30 15:00:00   NaN
2021-09-30 18:00:00   NaN
2021-09-30 21:00:00   NaN
Name: od550_dust, Length: 220, dtype: float64 TOT2 time
2021-09-01 12:00:00    0.336280
2021-09-01 15:00:00    0.321206
2021-09-01 18:00:00         NaN
2021-09-01 21:00:00         NaN
2021-09-02 00:00:00         NaN
                         ...   
2021-09-30 09:00:00         NaN
2021-09-30 12:00:00         NaN
2021-09-30 15:00:00         NaN
2021-09-30 18:00:00         NaN
2021-09-30 21:00:00         NaN
Name: od550aero, Length: 220, dtype: float32
TOT1 time
2021-09-01 12:00:00   NaN
2021-09-01 15:00:00   NaN
2021-09-01 18:00:00   NaN
2021-09-01 21:00:00   NaN
2021-09-02 00:00:00   NaN
                       ..
2021-09-30 09:00:00   NaN
2021-09-30 12:00:00   NaN
2021-09-30 15:00:00   NaN
2021-09-30 18:00:00   NaN
2021-09-30 21:00:00   NaN
Name: od550_dust, Length: 220, dtype: float64 TOT2 time
2021-09-01 12:00:00   NaN
2021-09-01 15:00:00   NaN
2021-09-01 18:00:00   NaN
2021-09-01 21:00:00   NaN
2021-09-02 00:00:00   NaN
                       ..
2021-09-30 09:00:00   NaN
2021-09-30 12:00:00   NaN
2021-09-30 15:00:00   NaN
2021-09-30 18:00:00   NaN
2021-09-30 21:00:00   NaN
Name: od550aero, Length: 220, dtype: float32
TOT1 time
2021-09-01 12:00:00   NaN
2021-09-01 15:00:00   NaN
2021-09-01 18:00:00   NaN
2021-09-01 21:00:00   NaN
2021-09-02 00:00:00   NaN
                       ..
2021-09-30 09:00:00   NaN
2021-09-30 12:00:00   NaN
2021-09-30 15:00:00   NaN
2021-09-30 18:00:00   NaN
2021-09-30 21:00:00   NaN
Name: od550_dust, Length: 220, dtype: float64 TOT2 time
2021-09-01 12:00:00   NaN
2021-09-01 15:00:00   NaN
2021-09-01 18:00:00   NaN
2021-09-01 21:00:00   NaN
2021-09-02 00:00:00   NaN
                       ..
2021-09-30 09:00:00   NaN
2021-09-30 12:00:00   NaN
2021-09-30 15:00:00   NaN
2021-09-30 18:00:00   NaN
2021-09-30 21:00:00   NaN
Name: od550aero, Length: 220, dtype: float32
TOT1 time
2021-09-01 12:00:00   NaN
2021-09-01 15:00:00   NaN
2021-09-01 18:00:00   NaN
2021-09-01 21:00:00   NaN
2021-09-02 00:00:00   NaN
                       ..
2021-09-30 09:00:00   NaN
2021-09-30 12:00:00   NaN
2021-09-30 15:00:00   NaN
2021-09-30 18:00:00   NaN
2021-09-30 21:00:00   NaN
Name: od550_dust, Length: 220, dtype: float64 TOT2 time
2021-09-01 12:00:00   NaN
2021-09-01 15:00:00   NaN
2021-09-01 18:00:00   NaN
2021-09-01 21:00:00   NaN
2021-09-02 00:00:00   NaN
                       ..
2021-09-30 09:00:00   NaN
2021-09-30 12:00:00   NaN
2021-09-30 15:00:00   NaN
2021-09-30 18:00:00   NaN
2021-09-30 21:00:00   NaN
Name: od550aero, Length: 220, dtype: float32
TOT1 time
2021-09-01 12:00:00   NaN
2021-09-01 15:00:00   NaN
2021-09-01 18:00:00   NaN
2021-09-01 21:00:00   NaN
2021-09-02 00:00:00   NaN
                       ..
2021-09-30 09:00:00   NaN
2021-09-30 12:00:00   NaN
2021-09-30 15:00:00   NaN
2021-09-30 18:00:00   NaN
2021-09-30 21:00:00   NaN
Name: od550_dust, Length: 220, dtype: float64 TOT2 time
2021-09-01 12:00:00   NaN
2021-09-01 15:00:00   NaN
2021-09-01 18:00:00   NaN
2021-09-01 21:00:00   NaN
2021-09-02 00:00:00   NaN
                       ..
2021-09-30 09:00:00   NaN
2021-09-30 12:00:00   NaN
2021-09-30 15:00:00   NaN
2021-09-30 18:00:00   NaN
2021-09-30 21:00:00   NaN
Name: od550aero, Length: 220, dtype: float32
TOT1 time
2021-09-01 12:00:00    0.626040
2021-09-01 15:00:00    0.643688
2021-09-01 18:00:00    0.713180
2021-09-01 21:00:00    0.783221
2021-09-02 00:00:00    0.792328
                         ...   
2021-09-30 09:00:00    0.246268
2021-09-30 12:00:00    0.206622
2021-09-30 15:00:00    0.287955
2021-09-30 18:00:00    0.266619
2021-09-30 21:00:00    0.261483
Name: od550_dust, Length: 220, dtype: float64 TOT2 time
2021-09-01 12:00:00    0.689829
2021-09-01 15:00:00    0.718947
2021-09-01 18:00:00         NaN
2021-09-01 21:00:00         NaN
2021-09-02 00:00:00         NaN
                         ...   
2021-09-30 09:00:00         NaN
2021-09-30 12:00:00         NaN
2021-09-30 15:00:00         NaN
2021-09-30 18:00:00         NaN
2021-09-30 21:00:00         NaN
Name: od550aero, Length: 220, dtype: float32
TOT1 time
2021-09-01 12:00:00    0.365509
2021-09-01 15:00:00    0.339685
2021-09-01 18:00:00    0.384912
2021-09-01 21:00:00    0.354401
2021-09-02 00:00:00    0.314290
                         ...   
2021-09-30 09:00:00    0.055936
2021-09-30 12:00:00    0.060208
2021-09-30 15:00:00    0.073600
2021-09-30 18:00:00    0.091847
2021-09-30 21:00:00    0.081468
Name: od550_dust, Length: 220, dtype: float64 TOT2 time
2021-09-01 12:00:00   NaN
2021-09-01 15:00:00   NaN
2021-09-01 18:00:00   NaN
2021-09-01 21:00:00   NaN
2021-09-02 00:00:00   NaN
                       ..
2021-09-30 09:00:00   NaN
2021-09-30 12:00:00   NaN
2021-09-30 15:00:00   NaN
2021-09-30 18:00:00   NaN
2021-09-30 21:00:00   NaN
Name: od550aero, Length: 220, dtype: float32
TOT1 time
2021-09-01 12:00:00   NaN
2021-09-01 15:00:00   NaN
2021-09-01 18:00:00   NaN
2021-09-01 21:00:00   NaN
2021-09-02 00:00:00   NaN
                       ..
2021-09-30 09:00:00   NaN
2021-09-30 12:00:00   NaN
2021-09-30 15:00:00   NaN
2021-09-30 18:00:00   NaN
2021-09-30 21:00:00   NaN
Name: od550_dust, Length: 220, dtype: float64 TOT2 time
2021-09-01 12:00:00   NaN
2021-09-01 15:00:00   NaN
2021-09-01 18:00:00   NaN
2021-09-01 21:00:00   NaN
2021-09-02 00:00:00   NaN
                       ..
2021-09-30 09:00:00   NaN
2021-09-30 12:00:00   NaN
2021-09-30 15:00:00   NaN
2021-09-30 18:00:00   NaN
2021-09-30 21:00:00   NaN
Name: od550aero, Length: 220, dtype: float32
TOT1 time
2021-09-01 12:00:00   NaN
2021-09-01 15:00:00   NaN
2021-09-01 18:00:00   NaN
2021-09-01 21:00:00   NaN
2021-09-02 00:00:00   NaN
                       ..
2021-09-30 09:00:00   NaN
2021-09-30 12:00:00   NaN
2021-09-30 15:00:00   NaN
2021-09-30 18:00:00   NaN
2021-09-30 21:00:00   NaN
Name: od550_dust, Length: 220, dtype: float64 TOT2 time
2021-09-01 12:00:00   NaN
2021-09-01 15:00:00   NaN
2021-09-01 18:00:00   NaN
2021-09-01 21:00:00   NaN
2021-09-02 00:00:00   NaN
                       ..
2021-09-30 09:00:00   NaN
2021-09-30 12:00:00   NaN
2021-09-30 15:00:00   NaN
2021-09-30 18:00:00   NaN
2021-09-30 21:00:00   NaN
Name: od550aero, Length: 220, dtype: float32
TOT1 time
2021-09-01 12:00:00   NaN
2021-09-01 15:00:00   NaN
2021-09-01 18:00:00   NaN
2021-09-01 21:00:00   NaN
2021-09-02 00:00:00   NaN
                       ..
2021-09-30 09:00:00   NaN
2021-09-30 12:00:00   NaN
2021-09-30 15:00:00   NaN
2021-09-30 18:00:00   NaN
2021-09-30 21:00:00   NaN
Name: od550_dust, Length: 220, dtype: float64 TOT2 time
2021-09-01 12:00:00    0.328181
2021-09-01 15:00:00    0.356598
2021-09-01 18:00:00         NaN
2021-09-01 21:00:00         NaN
2021-09-02 00:00:00         NaN
                         ...   
2021-09-30 09:00:00         NaN
2021-09-30 12:00:00         NaN
2021-09-30 15:00:00         NaN
2021-09-30 18:00:00         NaN
2021-09-30 21:00:00         NaN
Name: od550aero, Length: 220, dtype: float32
TOT1 time
2021-09-01 12:00:00    0.356984
2021-09-01 15:00:00    0.343490
2021-09-01 18:00:00    0.367785
2021-09-01 21:00:00    0.334522
2021-09-02 00:00:00    0.302237
                         ...   
2021-09-30 09:00:00    0.058158
2021-09-30 12:00:00    0.061098
2021-09-30 15:00:00    0.077633
2021-09-30 18:00:00    0.093473
2021-09-30 21:00:00    0.093166
Name: od550_dust, Length: 220, dtype: float64 TOT2 time
2021-09-01 12:00:00   NaN
2021-09-01 15:00:00   NaN
2021-09-01 18:00:00   NaN
2021-09-01 21:00:00   NaN
2021-09-02 00:00:00   NaN
                       ..
2021-09-30 09:00:00   NaN
2021-09-30 12:00:00   NaN
2021-09-30 15:00:00   NaN
2021-09-30 18:00:00   NaN
2021-09-30 21:00:00   NaN
Name: od550aero, Length: 220, dtype: float32
TOT1 time
2021-09-01 12:00:00         NaN
2021-09-01 12:00:00         NaN
2021-09-01 12:00:00         NaN
2021-09-01 12:00:00         NaN
2021-09-01 12:00:00    0.538267
                         ...   
2021-09-30 21:00:00         NaN
2021-09-30 21:00:00    0.003206
2021-09-30 21:00:00         NaN
2021-09-30 21:00:00         NaN
2021-09-30 21:00:00         NaN
Name: od550_dust, Length: 63580, dtype: float64 TOT2 time
2021-09-01 12:00:00   NaN
2021-09-01 12:00:00   NaN
2021-09-01 12:00:00   NaN
2021-09-01 12:00:00   NaN
2021-09-01 12:00:00   NaN
                       ..
2021-09-30 21:00:00   NaN
2021-09-30 21:00:00   NaN
2021-09-30 21:00:00   NaN
2021-09-30 21:00:00   NaN
2021-09-30 21:00:00   NaN
Name: od550aero, Length: 63580, dtype: float32
TOT1 time
2021-09-01 12:00:00   NaN
2021-09-01 15:00:00   NaN
2021-09-01 18:00:00   NaN
2021-09-01 21:00:00   NaN
2021-09-02 00:00:00   NaN
                       ..
2021-09-30 09:00:00   NaN
2021-09-30 12:00:00   NaN
2021-09-30 15:00:00   NaN
2021-09-30 18:00:00   NaN
2021-09-30 21:00:00   NaN
Name: od550_dust, Length: 220, dtype: float64 TOT2 time
2021-09-01 12:00:00   NaN
2021-09-01 15:00:00   NaN
2021-09-01 18:00:00   NaN
2021-09-01 21:00:00   NaN
2021-09-02 00:00:00   NaN
                       ..
2021-09-30 09:00:00   NaN
2021-09-30 12:00:00   NaN
2021-09-30 15:00:00   NaN
2021-09-30 18:00:00   NaN
2021-09-30 21:00:00   NaN
Name: od550aero, Length: 220, dtype: float32
TOT1 time
2021-09-01 12:00:00   NaN
2021-09-01 15:00:00   NaN
2021-09-01 18:00:00   NaN
2021-09-01 21:00:00   NaN
2021-09-02 00:00:00   NaN
                       ..
2021-09-30 09:00:00   NaN
2021-09-30 12:00:00   NaN
2021-09-30 15:00:00   NaN
2021-09-30 18:00:00   NaN
2021-09-30 21:00:00   NaN
Name: od550_dust, Length: 220, dtype: float64 TOT2 time
2021-09-01 12:00:00    0.562114
2021-09-01 15:00:00    0.764494
2021-09-01 18:00:00         NaN
2021-09-01 21:00:00         NaN
2021-09-02 00:00:00         NaN
                         ...   
2021-09-30 09:00:00    0.152412
2021-09-30 12:00:00         NaN
2021-09-30 15:00:00         NaN
2021-09-30 18:00:00         NaN
2021-09-30 21:00:00         NaN
Name: od550aero, Length: 220, dtype: float32
TOT1 time
2021-09-01 12:00:00   NaN
2021-09-01 15:00:00   NaN
2021-09-01 18:00:00   NaN
2021-09-01 21:00:00   NaN
2021-09-02 00:00:00   NaN
                       ..
2021-09-30 09:00:00   NaN
2021-09-30 12:00:00   NaN
2021-09-30 15:00:00   NaN
2021-09-30 18:00:00   NaN
2021-09-30 21:00:00   NaN
Name: od550_dust, Length: 220, dtype: float64 TOT2 time
2021-09-01 12:00:00   NaN
2021-09-01 15:00:00   NaN
2021-09-01 18:00:00   NaN
2021-09-01 21:00:00   NaN
2021-09-02 00:00:00   NaN
                       ..
2021-09-30 09:00:00   NaN
2021-09-30 12:00:00   NaN
2021-09-30 15:00:00   NaN
2021-09-30 18:00:00   NaN
2021-09-30 21:00:00   NaN
Name: od550aero, Length: 220, dtype: float32
TOT1 time
2021-09-01 12:00:00   NaN
2021-09-01 15:00:00   NaN
2021-09-01 18:00:00   NaN
2021-09-01 21:00:00   NaN
2021-09-02 00:00:00   NaN
                       ..
2021-09-30 09:00:00   NaN
2021-09-30 12:00:00   NaN
2021-09-30 15:00:00   NaN
2021-09-30 18:00:00   NaN
2021-09-30 21:00:00   NaN
Name: od550_dust, Length: 220, dtype: float64 TOT2 time
2021-09-01 12:00:00   NaN
2021-09-01 15:00:00   NaN
2021-09-01 18:00:00   NaN
2021-09-01 21:00:00   NaN
2021-09-02 00:00:00   NaN
                       ..
2021-09-30 09:00:00   NaN
2021-09-30 12:00:00   NaN
2021-09-30 15:00:00   NaN
2021-09-30 18:00:00   NaN
2021-09-30 21:00:00   NaN
Name: od550aero, Length: 220, dtype: float32
TOT1 time
2021-09-01 12:00:00    0.538267
2021-09-01 15:00:00    0.400551
2021-09-01 18:00:00    0.349931
2021-09-01 21:00:00    0.322798
2021-09-02 00:00:00    0.169572
                         ...   
2021-09-30 09:00:00    0.084683
2021-09-30 12:00:00    0.055622
2021-09-30 15:00:00    0.038266
2021-09-30 18:00:00    0.031116
2021-09-30 21:00:00    0.030105
Name: od550_dust, Length: 220, dtype: float64 TOT2 time
2021-09-01 12:00:00   NaN
2021-09-01 15:00:00   NaN
2021-09-01 18:00:00   NaN
2021-09-01 21:00:00   NaN
2021-09-02 00:00:00   NaN
                       ..
2021-09-30 09:00:00   NaN
2021-09-30 12:00:00   NaN
2021-09-30 15:00:00   NaN
2021-09-30 18:00:00   NaN
2021-09-30 21:00:00   NaN
Name: od550aero, Length: 220, dtype: float32
TOT1 time
2021-09-01 12:00:00   NaN
2021-09-01 15:00:00   NaN
2021-09-01 18:00:00   NaN
2021-09-01 21:00:00   NaN
2021-09-02 00:00:00   NaN
                       ..
2021-09-30 09:00:00   NaN
2021-09-30 12:00:00   NaN
2021-09-30 15:00:00   NaN
2021-09-30 18:00:00   NaN
2021-09-30 21:00:00   NaN
Name: od550_dust, Length: 220, dtype: float64 TOT2 time
2021-09-01 12:00:00    0.327782
2021-09-01 15:00:00    0.308830
2021-09-01 18:00:00         NaN
2021-09-01 21:00:00         NaN
2021-09-02 00:00:00         NaN
                         ...   
2021-09-30 09:00:00         NaN
2021-09-30 12:00:00         NaN
2021-09-30 15:00:00         NaN
2021-09-30 18:00:00         NaN
2021-09-30 21:00:00         NaN
Name: od550aero, Length: 220, dtype: float32
TOT1 time
2021-09-01 12:00:00   NaN
2021-09-01 15:00:00   NaN
2021-09-01 18:00:00   NaN
2021-09-01 21:00:00   NaN
2021-09-02 00:00:00   NaN
                       ..
2021-09-30 09:00:00   NaN
2021-09-30 12:00:00   NaN
2021-09-30 15:00:00   NaN
2021-09-30 18:00:00   NaN
2021-09-30 21:00:00   NaN
Name: od550_dust, Length: 220, dtype: float64 TOT2 time
2021-09-01 12:00:00   NaN
2021-09-01 15:00:00   NaN
2021-09-01 18:00:00   NaN
2021-09-01 21:00:00   NaN
2021-09-02 00:00:00   NaN
                       ..
2021-09-30 09:00:00   NaN
2021-09-30 12:00:00   NaN
2021-09-30 15:00:00   NaN
2021-09-30 18:00:00   NaN
2021-09-30 21:00:00   NaN
Name: od550aero, Length: 220, dtype: float32
TOT1 time
2021-09-01 12:00:00    0.003458
2021-09-01 15:00:00    0.002120
2021-09-01 18:00:00    0.001365
2021-09-01 21:00:00    0.001514
2021-09-02 00:00:00    0.000849
                         ...   
2021-09-30 09:00:00    0.098436
2021-09-30 12:00:00    0.156682
2021-09-30 15:00:00    0.319843
2021-09-30 18:00:00    0.521525
2021-09-30 21:00:00    0.642073
Name: od550_dust, Length: 220, dtype: float64 TOT2 time
2021-09-01 12:00:00   NaN
2021-09-01 15:00:00   NaN
2021-09-01 18:00:00   NaN
2021-09-01 21:00:00   NaN
2021-09-02 00:00:00   NaN
                       ..
2021-09-30 09:00:00   NaN
2021-09-30 12:00:00   NaN
2021-09-30 15:00:00   NaN
2021-09-30 18:00:00   NaN
2021-09-30 21:00:00   NaN
Name: od550aero, Length: 220, dtype: float32
TOT1 time
2021-09-01 12:00:00   NaN
2021-09-01 15:00:00   NaN
2021-09-01 18:00:00   NaN
2021-09-01 21:00:00   NaN
2021-09-02 00:00:00   NaN
                       ..
2021-09-30 09:00:00   NaN
2021-09-30 12:00:00   NaN
2021-09-30 15:00:00   NaN
2021-09-30 18:00:00   NaN
2021-09-30 21:00:00   NaN
Name: od550_dust, Length: 220, dtype: float64 TOT2 time
2021-09-01 12:00:00   NaN
2021-09-01 15:00:00   NaN
2021-09-01 18:00:00   NaN
2021-09-01 21:00:00   NaN
2021-09-02 00:00:00   NaN
                       ..
2021-09-30 09:00:00   NaN
2021-09-30 12:00:00   NaN
2021-09-30 15:00:00   NaN
2021-09-30 18:00:00   NaN
2021-09-30 21:00:00   NaN
Name: od550aero, Length: 220, dtype: float32
TOT1 time
2021-09-01 12:00:00    0.003181
2021-09-01 15:00:00    0.002126
2021-09-01 18:00:00    0.001359
2021-09-01 21:00:00    0.001455
2021-09-02 00:00:00    0.000758
                         ...   
2021-09-30 09:00:00    0.101948
2021-09-30 12:00:00    0.148336
2021-09-30 15:00:00    0.275587
2021-09-30 18:00:00    0.474927
2021-09-30 21:00:00    0.591470
Name: od550_dust, Length: 220, dtype: float64 TOT2 time
2021-09-01 12:00:00   NaN
2021-09-01 15:00:00   NaN
2021-09-01 18:00:00   NaN
2021-09-01 21:00:00   NaN
2021-09-02 00:00:00   NaN
                       ..
2021-09-30 09:00:00   NaN
2021-09-30 12:00:00   NaN
2021-09-30 15:00:00   NaN
2021-09-30 18:00:00   NaN
2021-09-30 21:00:00   NaN
Name: od550aero, Length: 220, dtype: float32
TOT1 time
2021-09-01 12:00:00    1.741781
2021-09-01 15:00:00    1.832109
2021-09-01 18:00:00    1.486915
2021-09-01 21:00:00    1.225614
2021-09-02 00:00:00    1.049230
                         ...   
2021-09-30 09:00:00    1.003741
2021-09-30 12:00:00    0.943347
2021-09-30 15:00:00    1.223818
2021-09-30 18:00:00    1.334256
2021-09-30 21:00:00    1.368799
Name: od550_dust, Length: 220, dtype: float64 TOT2 time
2021-09-01 12:00:00         NaN
2021-09-01 15:00:00    1.101397
2021-09-01 18:00:00    1.150915
2021-09-01 21:00:00         NaN
2021-09-02 00:00:00         NaN
                         ...   
2021-09-30 09:00:00         NaN
2021-09-30 12:00:00         NaN
2021-09-30 15:00:00         NaN
2021-09-30 18:00:00         NaN
2021-09-30 21:00:00         NaN
Name: od550aero, Length: 220, dtype: float32
TOT1 time
2021-09-01 12:00:00   NaN
2021-09-01 15:00:00   NaN
2021-09-01 18:00:00   NaN
2021-09-01 21:00:00   NaN
2021-09-02 00:00:00   NaN
                       ..
2021-09-30 09:00:00   NaN
2021-09-30 12:00:00   NaN
2021-09-30 15:00:00   NaN
2021-09-30 18:00:00   NaN
2021-09-30 21:00:00   NaN
Name: od550_dust, Length: 220, dtype: float64 TOT2 time
2021-09-01 12:00:00   NaN
2021-09-01 15:00:00   NaN
2021-09-01 18:00:00   NaN
2021-09-01 21:00:00   NaN
2021-09-02 00:00:00   NaN
                       ..
2021-09-30 09:00:00   NaN
2021-09-30 12:00:00   NaN
2021-09-30 15:00:00   NaN
2021-09-30 18:00:00   NaN
2021-09-30 21:00:00   NaN
Name: od550aero, Length: 220, dtype: float32
TOT1 time
2021-09-01 12:00:00   NaN
2021-09-01 15:00:00   NaN
2021-09-01 18:00:00   NaN
2021-09-01 21:00:00   NaN
2021-09-02 00:00:00   NaN
                       ..
2021-09-30 09:00:00   NaN
2021-09-30 12:00:00   NaN
2021-09-30 15:00:00   NaN
2021-09-30 18:00:00   NaN
2021-09-30 21:00:00   NaN
Name: od550_dust, Length: 220, dtype: float64 TOT2 time
2021-09-01 12:00:00   NaN
2021-09-01 15:00:00   NaN
2021-09-01 18:00:00   NaN
2021-09-01 21:00:00   NaN
2021-09-02 00:00:00   NaN
                       ..
2021-09-30 09:00:00   NaN
2021-09-30 12:00:00   NaN
2021-09-30 15:00:00   NaN
2021-09-30 18:00:00   NaN
2021-09-30 21:00:00   NaN
Name: od550aero, Length: 220, dtype: float32
TOT1 time
2021-09-01 12:00:00    0.114082
2021-09-01 15:00:00    0.110584
2021-09-01 18:00:00    0.065562
2021-09-01 21:00:00    0.026111
2021-09-02 00:00:00    0.030357
                         ...   
2021-09-30 09:00:00    0.002322
2021-09-30 12:00:00    0.002373
2021-09-30 15:00:00    0.002459
2021-09-30 18:00:00    0.002555
2021-09-30 21:00:00    0.003206
Name: od550_dust, Length: 220, dtype: float64 TOT2 time
2021-09-01 12:00:00   NaN
2021-09-01 15:00:00   NaN
2021-09-01 18:00:00   NaN
2021-09-01 21:00:00   NaN
2021-09-02 00:00:00   NaN
                       ..
2021-09-30 09:00:00   NaN
2021-09-30 12:00:00   NaN
2021-09-30 15:00:00   NaN
2021-09-30 18:00:00   NaN
2021-09-30 21:00:00   NaN
Name: od550aero, Length: 220, dtype: float32
TOT1 time
2021-09-01 12:00:00   NaN
2021-09-01 15:00:00   NaN
2021-09-01 18:00:00   NaN
2021-09-01 21:00:00   NaN
2021-09-02 00:00:00   NaN
                       ..
2021-09-30 09:00:00   NaN
2021-09-30 12:00:00   NaN
2021-09-30 15:00:00   NaN
2021-09-30 18:00:00   NaN
2021-09-30 21:00:00   NaN
Name: od550_dust, Length: 220, dtype: float64 TOT2 time
2021-09-01 12:00:00   NaN
2021-09-01 15:00:00   NaN
2021-09-01 18:00:00   NaN
2021-09-01 21:00:00   NaN
2021-09-02 00:00:00   NaN
                       ..
2021-09-30 09:00:00   NaN
2021-09-30 12:00:00   NaN
2021-09-30 15:00:00   NaN
2021-09-30 18:00:00   NaN
2021-09-30 21:00:00   NaN
Name: od550aero, Length: 220, dtype: float32
TOT1 time
2021-09-01 12:00:00   NaN
2021-09-01 15:00:00   NaN
2021-09-01 18:00:00   NaN
2021-09-01 21:00:00   NaN
2021-09-02 00:00:00   NaN
                       ..
2021-09-30 09:00:00   NaN
2021-09-30 12:00:00   NaN
2021-09-30 15:00:00   NaN
2021-09-30 18:00:00   NaN
2021-09-30 21:00:00   NaN
Name: od550_dust, Length: 220, dtype: float64 TOT2 time
2021-09-01 12:00:00   NaN
2021-09-01 15:00:00   NaN
2021-09-01 18:00:00   NaN
2021-09-01 21:00:00   NaN
2021-09-02 00:00:00   NaN
                       ..
2021-09-30 09:00:00   NaN
2021-09-30 12:00:00   NaN
2021-09-30 15:00:00   NaN
2021-09-30 18:00:00   NaN
2021-09-30 21:00:00   NaN
Name: od550aero, Length: 220, dtype: float32
TOT1 time
2021-09-01 12:00:00   NaN
2021-09-01 15:00:00   NaN
2021-09-01 18:00:00   NaN
2021-09-01 21:00:00   NaN
2021-09-02 00:00:00   NaN
                       ..
2021-09-30 09:00:00   NaN
2021-09-30 12:00:00   NaN
2021-09-30 15:00:00   NaN
2021-09-30 18:00:00   NaN
2021-09-30 21:00:00   NaN
Name: od550_dust, Length: 220, dtype: float64 TOT2 time
2021-09-01 12:00:00   NaN
2021-09-01 15:00:00   NaN
2021-09-01 18:00:00   NaN
2021-09-01 21:00:00   NaN
2021-09-02 00:00:00   NaN
                       ..
2021-09-30 09:00:00   NaN
2021-09-30 12:00:00   NaN
2021-09-30 15:00:00   NaN
2021-09-30 18:00:00   NaN
2021-09-30 21:00:00   NaN
Name: od550aero, Length: 220, dtype: float32
TOT1 time
2021-09-01 12:00:00         NaN
2021-09-01 12:00:00    0.096949
2021-09-01 12:00:00         NaN
2021-09-01 12:00:00         NaN
2021-09-01 12:00:00         NaN
                         ...   
2021-09-30 21:00:00         NaN
2021-09-30 21:00:00    0.011312
2021-09-30 21:00:00         NaN
2021-09-30 21:00:00         NaN
2021-09-30 21:00:00         NaN
Name: od550_dust, Length: 1742620, dtype: float64 TOT2 time
2021-09-01 12:00:00   NaN
2021-09-01 12:00:00   NaN
2021-09-01 12:00:00   NaN
2021-09-01 12:00:00   NaN
2021-09-01 12:00:00   NaN
                       ..
2021-09-30 21:00:00   NaN
2021-09-30 21:00:00   NaN
2021-09-30 21:00:00   NaN
2021-09-30 21:00:00   NaN
2021-09-30 21:00:00   NaN
Name: od550aero, Length: 1742620, dtype: float32
['Mediterranean', 'Barcelona', 'IMAA_Potenza', 'IMS-METU-ERDEMLI', 'Avignon', 'El_Arenosillo', 'Lampedusa', 'Rome_Tor_Vergata', 'Lecce_University', 'ATHENS-NOA', 'Villefranche', 'FORTH_CRETE', 'Palencia', 'Toulon', 'Evora', 'ETNA', 'Cabo_da_Roca', 'Messina', 'Thessaloniki', 'Granada', 'OHP_OBSERVATOIRE', 'Caceres', 'Porquerolles', 'Burjassot', 'Ersa', 'Seysses', 'CUT-TEPAK', 'Oujda', 'Tabernas_PSA-DLR', 'Montsec', 'Palma_de_Mallorca', 'Coruna', 'Madrid', 'Tizi_Ouzou', 'Zaragoza', 'Badajoz', 'Cerro_Poyos', 'Valladolid', 'Murcia', 'Gozo', 'Ben_Salem', 'LAQUILA_Coppito', 'Finokalia-FKL', 'Medenine-IRA', 'Nicosia', 'AgiaMarina_Xyliatou', 'Aras_de_los_Olmos', 'Napoli_CeSMA', 'Lamezia_Terme', 'Rome_La_Sapienza', 'Antikythera_NOA', 'Majadas', 'ETNA_VENA', 'Casablanca_Platform', 'Guadiana-UGR', 'Apulian_Tavoliere', 'FORTH_RSLab', 'Soverato_IMAA', 'Marseille_ATMO', 'Middle_East', 'SEDE_BOKER', 'Solar_Village', 'Kuwait_University', 'Mezaira', 'Eilat', 'IASBS', 'Masdar_Institute', 'Cairo_EMA_2', 'KAUST_Campus', 'Weizmann_Institute', 'Migal', 'Qena_SVU', 'Masdar_Institute_2', 'Tel-Aviv_University', 'Sahel/Sahara', 'Capo_Verde', 'Banizoumbou', 'Quarzazate', 'Dakar', 'Ilorin', 'IER_Cinzana', 'Saada', 'Santa_Cruz_Tenerife', 'Tamanrasset_INM', 'La_Laguna', 'Zinder_Airport', 'Zouerate-Fennec', 'Koforidua_ANUC', 'CATUC_Bamenda', 'LAMTO-STATION', 'Dakar_Belair', 'Mindelo_OSCM', 'Total']
bsc_dream
BIAS ['-0.18', '0.03', '-0.07', '-', '-', '-', '-0.03', '-', '0.04', '0.1', '-', '-', '-', '-', '-', '-', '-', '0.04', '-0.16', '-', '-', '-', '-', '-', '-', '-', '0.02', '-', '-', '-', '-0.01', '-', '-', '-', '-', '0.16', '-', '-', '-', '-', '-0.06', '-', '0.01', '0.01', '-0.05', '0.04', '-', '-', '-', '-', '0.04', '-', '-', '-', '-', '-', '-', '-', '-', '-0.11', '-', '-', '-', '-0.33', '-', '-', '-', '-', '0.01', '-0.03', '-', '-', '-', '-0.03', '-0.07', '-0.17', '-', '-', '-', '0.03', '-', '-', '0.31', '0.37', '0.36', '0.15', '-', '-', '-', '-', '-', '0.19', '-0.19']
RMSE ['-', '0.04', '-', '-', '-', '-', '-', '-', '-', '-', '-', '-', '-', '-', '-', '-', '-', '-', '-', '-', '-', '-', '-', '-', '-', '-', '-', '-', '-', '-', '0.13', '-', '-', '-', '-', '0.17', '-', '-', '-', '-', '-', '-', '-', '-', '0.05', '-', '-', '-', '-', '-', '-', '-', '-', '-', '-', '-', '-', '-', '-', '-', '-', '-', '-', '-', '-', '-', '-', '-', '-', '-', '-', '-', '-', '0.07', '-', '-', '-', '-', '-', '-', '-', '-', '-', '-', '-', '-', '-', '-', '-', '-', '-', '-', '-']
CORR ['0.05', '0.9', '0.97', '-', '-', '-', '0.23', '-', '0.73', '-0.58', '-', '-', '-', '-', '-', '-', '-', '0.78', '-', '-', '-', '-', '-', '-', '-', '-', '1.0', '-', '-', '-', '0.42', '-', '-', '-', '-', '1.0', '-', '-', '-', '-', '0.44', '-', '0.86', '0.68', '-', '0.99', '-', '-', '-', '-', '0.95', '-', '-', '-', '-', '-', '-', '-', '-', '-0.14', '-', '-', '-', '0.9', '-', '-', '-', '-', '0.8', '0.6', '-', '-', '-', '0.71', '-0.05', '-', '-', '-', '-', '0.12', '-', '-', '0.85', '-0.17', '0.77', '0.75', '-', '-', '-', '-', '-', '0.52', '0.0']
FRGE ['1.33', '0.08', '0.42', '-', '-', '-', '0.33', '-', '0.42', '0.27', '-', '-', '-', '-', '-', '-', '-', '0.39', '0.87', '-', '-', '-', '-', '-', '-', '-', '0.11', '-', '-', '-', '0.41', '-', '-', '-', '-', '0.63', '-', '-', '-', '-', '0.34', '-', '0.88', '0.28', '0.25', '0.18', '-', '-', '-', '-', '0.46', '-', '-', '-', '-', '-', '-', '-', '-', '0.83', '-', '-', '-', '0.73', '-', '-', '-', '-', '0.17', '0.38', '-', '-', '-', '0.36', '1.04', '0.23', '-', '-', '-', '0.31', '-', '-', '0.6', '0.99', '0.66', '0.33', '-', '-', '-', '-', '-', '0.46', '1.27']
TOTN ['23200', '3', '7', '0', '0', '9', '45', '0', '11', '6', '0', '0', '0', '1', '4', '0', '10', '21', '2', '4', '2', '0', '0', '2', '12', '0', '9', '0', '10', '0', '15', '14', '2', '0', '1', '2', '7', '3', '9', '0', '45', '6', '12', '63', '1', '16', '9', '1', '0', '4', '8', '0', '0', '0', '10', '7', '0', '7', '0', '1904', '11', '0', '0', '37', '0', '3', '0', '21', '20', '21', '3', '0', '11', '9', '8381', '34', '87', '0', '0', '8', '53', '25', '33', '69', '39', '46', '0', '0', '0', '0', '46', '53', '91581']
['Mediterranean', 'Barcelona', 'IMAA_Potenza', 'IMS-METU-ERDEMLI', 'Avignon', 'El_Arenosillo', 'Lampedusa', 'Rome_Tor_Vergata', 'Lecce_University', 'ATHENS-NOA', 'Villefranche', 'FORTH_CRETE', 'Palencia', 'Toulon', 'Evora', 'ETNA', 'Cabo_da_Roca', 'Messina', 'Thessaloniki', 'Granada', 'OHP_OBSERVATOIRE', 'Caceres', 'Porquerolles', 'Burjassot', 'Ersa', 'Seysses', 'CUT-TEPAK', 'Oujda', 'Tabernas_PSA-DLR', 'Montsec', 'Palma_de_Mallorca', 'Coruna', 'Madrid', 'Tizi_Ouzou', 'Zaragoza', 'Badajoz', 'Cerro_Poyos', 'Valladolid', 'Murcia', 'Gozo', 'Ben_Salem', 'LAQUILA_Coppito', 'Finokalia-FKL', 'Medenine-IRA', 'Nicosia', 'AgiaMarina_Xyliatou', 'Aras_de_los_Olmos', 'Napoli_CeSMA', 'Lamezia_Terme', 'Rome_La_Sapienza', 'Antikythera_NOA', 'Majadas', 'ETNA_VENA', 'Casablanca_Platform', 'Guadiana-UGR', 'Apulian_Tavoliere', 'FORTH_RSLab', 'Soverato_IMAA', 'Marseille_ATMO', 'Middle_East', 'SEDE_BOKER', 'Solar_Village', 'Kuwait_University', 'Mezaira', 'Eilat', 'IASBS', 'Masdar_Institute', 'Cairo_EMA_2', 'KAUST_Campus', 'Weizmann_Institute', 'Migal', 'Qena_SVU', 'Masdar_Institute_2', 'Tel-Aviv_University', 'Sahel/Sahara', 'Capo_Verde', 'Banizoumbou', 'Quarzazate', 'Dakar', 'Ilorin', 'IER_Cinzana', 'Saada', 'Santa_Cruz_Tenerife', 'Tamanrasset_INM', 'La_Laguna', 'Zinder_Airport', 'Zouerate-Fennec', 'Koforidua_ANUC', 'CATUC_Bamenda', 'LAMTO-STATION', 'Dakar_Belair', 'Mindelo_OSCM', 'Total']
['station', 'bsc_dream', 'monarch', 'cams', 'dream8-macc', 'nasa-geos', 'metoffice', 'ncep-gefs', 'ema-regcm4', 'silam', 'lotos-euros', 'icon-art', 'noa', 'wrf-nemo', 'aladin', 'median']
BIAS ['-0.18', '0.03', '-0.07', '-', '-', '-', '-0.03', '-', '0.04', '0.1', '-', '-', '-', '-', '-', '-', '-', '0.04', '-0.16', '-', '-', '-', '-', '-', '-', '-', '0.02', '-', '-', '-', '-0.01', '-', '-', '-', '-', '0.16', '-', '-', '-', '-', '-0.06', '-', '0.01', '0.01', '-0.05', '0.04', '-', '-', '-', '-', '0.04', '-', '-', '-', '-', '-', '-', '-', '-', '-0.11', '-', '-', '-', '-0.33', '-', '-', '-', '-', '0.01', '-0.03', '-', '-', '-', '-0.03', '-0.07', '-0.17', '-', '-', '-', '0.03', '-', '-', '0.31', '0.37', '0.36', '0.15', '-', '-', '-', '-', '-', '0.19', '-0.19']
RMSE ['-', '0.04', '-', '-', '-', '-', '-', '-', '-', '-', '-', '-', '-', '-', '-', '-', '-', '-', '-', '-', '-', '-', '-', '-', '-', '-', '-', '-', '-', '-', '0.13', '-', '-', '-', '-', '0.17', '-', '-', '-', '-', '-', '-', '-', '-', '0.05', '-', '-', '-', '-', '-', '-', '-', '-', '-', '-', '-', '-', '-', '-', '-', '-', '-', '-', '-', '-', '-', '-', '-', '-', '-', '-', '-', '-', '0.07', '-', '-', '-', '-', '-', '-', '-', '-', '-', '-', '-', '-', '-', '-', '-', '-', '-', '-', '-']
CORR ['0.05', '0.9', '0.97', '-', '-', '-', '0.23', '-', '0.73', '-0.58', '-', '-', '-', '-', '-', '-', '-', '0.78', '-', '-', '-', '-', '-', '-', '-', '-', '1.0', '-', '-', '-', '0.42', '-', '-', '-', '-', '1.0', '-', '-', '-', '-', '0.44', '-', '0.86', '0.68', '-', '0.99', '-', '-', '-', '-', '0.95', '-', '-', '-', '-', '-', '-', '-', '-', '-0.14', '-', '-', '-', '0.9', '-', '-', '-', '-', '0.8', '0.6', '-', '-', '-', '0.71', '-0.05', '-', '-', '-', '-', '0.12', '-', '-', '0.85', '-0.17', '0.77', '0.75', '-', '-', '-', '-', '-', '0.52', '0.0']
FRGE ['1.33', '0.08', '0.42', '-', '-', '-', '0.33', '-', '0.42', '0.27', '-', '-', '-', '-', '-', '-', '-', '0.39', '0.87', '-', '-', '-', '-', '-', '-', '-', '0.11', '-', '-', '-', '0.41', '-', '-', '-', '-', '0.63', '-', '-', '-', '-', '0.34', '-', '0.88', '0.28', '0.25', '0.18', '-', '-', '-', '-', '0.46', '-', '-', '-', '-', '-', '-', '-', '-', '0.83', '-', '-', '-', '0.73', '-', '-', '-', '-', '0.17', '0.38', '-', '-', '-', '0.36', '1.04', '0.23', '-', '-', '-', '0.31', '-', '-', '0.6', '0.99', '0.66', '0.33', '-', '-', '-', '-', '-', '0.46', '1.27']
TOTN ['23200', '3', '7', '0', '0', '9', '45', '0', '11', '6', '0', '0', '0', '1', '4', '0', '10', '21', '2', '4', '2', '0', '0', '2', '12', '0', '9', '0', '10', '0', '15', '14', '2', '0', '1', '2', '7', '3', '9', '0', '45', '6', '12', '63', '1', '16', '9', '1', '0', '4', '8', '0', '0', '0', '10', '7', '0', '7', '0', '1904', '11', '0', '0', '37', '0', '3', '0', '21', '20', '21', '3', '0', '11', '9', '8381', '34', '87', '0', '0', '8', '53', '25', '33', '69', '39', '46', '0', '0', '0', '0', '46', '53', '91581']
Writing h5 ...
BIAS /data/daily_dashboard/obs/aeronet/h5/202109_bias.h5
CORR /data/daily_dashboard/obs/aeronet/h5/202109_corr.h5
RMSE /data/daily_dashboard/obs/aeronet/h5/202109_rmse.h5
FRGE /data/daily_dashboard/obs/aeronet/h5/202109_frge.h5
TOTN /data/daily_dashboard/obs/aeronet/h5/202109_totn.h5
