/home/fbeninca/interactive-forecast-viewer/conf/was/burkinafaso/shp/BFA_adm1.shp
MODEL median
SHAPE LON (22401,)
SHAPE LAT (22401,)
SHAPE DATA (22401,)
;;;; [61.035160064697266 61.035160064697266 61.035160064697266
 61.035160064697266 64.59563446044922 102.722412109375 111.9311752319336
 122.07030487060547 122.0703353881836 122.07032012939453]
:::: Boucle du Mouhoun 122.070335 [328, 411, 533]
;;;; [35.099037170410156 41.530357360839844 40.039756774902344
 37.05208969116211 46.61162185668945]
:::: Cascades 46.61162 [237, 304, 379]
;;;; [69.93802642822266 84.39753723144531 88.48721313476562 86.80025482177734]
:::: Centre-Est 88.48721 [321, 387, 502]
;;;; [114.0413818359375 122.07032012939453 176.7184600830078 169.5589141845703
 167.0125732421875 177.2660675048828 208.7035675048828]
:::: Centre-Nord 208.70357 [359, 453, 582]
;;;; [57.66096878051758 55.64651870727539 68.47584533691406 75.5767822265625
 84.9068603515625 85.79378509521484 99.18527221679688 94.1138687133789]
:::: Centre-Ouest 99.18527 [308, 366, 456]
;;;; [67.91592407226562 75.42191314697266 90.31673431396484 93.41118621826172
 86.78761291503906]
:::: Centre-Sud 93.41119 [301, 366, 452]
;;;; [98.79105377197266]
:::: Centre 98.79105 [301, 354, 460]
;;;; [62.896148681640625 79.27074432373047 101.18329620361328 96.65648651123047
 105.2376708984375 91.76148986816406 94.48306274414062 109.31072235107422
 122.48649597167969 122.34829711914062 120.71912384033203
 117.14291381835938 138.26502990722656 164.82699584960938
 173.16778564453125 190.28082275390625 200.525390625]
:::: Est 200.52539 [391, 476, 619]
;;;; [61.035160064697266 60.30409622192383 52.20014572143555 61.035160064697266
 61.035160064697266 61.035160064697266 61.035160064697266
 60.979801177978516 61.035160064697266]
:::: Haut-Bassins 61.03516 [287, 344, 448]
;;;; [110.40843963623047 119.94669342041016 133.0326385498047
 160.45648193359375 158.77960205078125 165.74830627441406]
:::: Nord 165.7483 [365, 447, 616]
;;;; [122.64353942871094]
:::: Plateau-Central 122.64354 [310, 384, 465]
;;;; [192.28900146484375 171.6533203125 184.98524475097656 176.3915557861328
 177.1392822265625 196.25430297851562 202.8238067626953 194.40084838867188
 240.6149444580078 242.36669921875 276.8714904785156]
:::: Sahel 276.8715 [473, 596, 766]
;;;; [48.819026947021484 65.58605194091797 57.4783935546875 57.797760009765625
 50.4442138671875 57.48006057739258]
:::: Sud-Ouest 65.58605 [258, 320, 392]
SHAPE DATA (22401,)
;;;; [89.85773468017578 96.2298355102539 114.06700897216797 80.74858093261719
 102.28950500488281 104.98297119140625 73.46548461914062 89.98251342773438
 117.4921646118164 114.02880859375]
:::: Boucle du Mouhoun 117.492165 [328, 411, 533]
;;;; [39.34819793701172 41.764434814453125 44.11469268798828 40.43269729614258
 45.8105583190918]
:::: Cascades 45.81056 [237, 304, 379]
;;;; [112.9458999633789 122.07032012939453 114.29444885253906
 122.07032012939453]
:::: Centre-Est 122.07032 [321, 387, 502]
;;;; [122.57389068603516 122.07032012939453 122.07030487060547
 124.7931900024414 162.2720489501953 183.10546875 181.40953063964844]
:::: Centre-Nord 183.10547 [359, 453, 582]
;;;; [77.48421478271484 86.03327941894531 82.67095947265625 97.22504425048828
 122.07032012939453 96.69701385498047 122.07032012939453
 102.62464141845703]
:::: Centre-Ouest 122.07032 [308, 366, 456]
;;;; [113.13815307617188 122.07030487060547 104.84105682373047
 111.89654541015625 122.07032012939453]
:::: Centre-Sud 122.07032 [301, 366, 452]
;;;; [110.76848602294922]
:::: Centre 110.768486 [301, 354, 460]
;;;; [113.8953628540039 122.07032012939453 122.07032012939453
 122.07032012939453 122.07032012939453 122.07032012939453
 124.9334945678711 136.85345458984375 150.66836547851562
 126.73898315429688 122.07032012939453 140.9447021484375 183.10546875
 175.92886352539062 158.9431915283203 163.52162170410156 183.10546875]
:::: Est 183.10547 [391, 476, 619]
;;;; [49.14387512207031 50.827754974365234 55.21442794799805 67.67776489257812
 66.12203979492188 61.035160064697266 83.7635498046875 89.81165313720703
 66.61485290527344]
:::: Haut-Bassins 89.81165 [287, 344, 448]
;;;; [105.11651611328125 117.8095474243164 111.79790496826172
 133.60398864746094 118.47166442871094 129.3996124267578]
:::: Nord 133.60399 [365, 447, 616]
;;;; [122.07030487060547]
:::: Plateau-Central 122.070305 [310, 384, 465]
;;;; [183.10546875 183.87716674804688 154.04656982421875 166.50302124023438
 175.63388061523438 183.10546875 159.27798461914062 176.1571807861328
 182.6847381591797 189.3349609375 193.153564453125]
:::: Sahel 193.15356 [473, 596, 766]
;;;; [45.8170280456543 46.34795379638672 47.118709564208984 51.029964447021484
 55.83987045288086 56.92287063598633]
:::: Sud-Ouest 56.92287 [258, 320, 392]
['Boucle du Mouhoun', 'Cascades', 'Centre-Est', 'Centre-Nord', 'Centre-Ouest', 'Centre-Sud', 'Centre', 'Est', 'Haut-Bassins', 'Nord', 'Plateau-Central', 'Sahel', 'Sud-Ouest', 'Boucle du Mouhoun', 'Cascades', 'Centre-Est', 'Centre-Nord', 'Centre-Ouest', 'Centre-Sud', 'Centre', 'Est', 'Haut-Bassins', 'Nord', 'Plateau-Central', 'Sahel', 'Sud-Ouest'] ['green', 'green', 'green', 'green', 'green', 'green', 'green', 'green', 'green', 'green', 'green', 'green', 'green', 'green', 'green', 'green', 'green', 'green', 'green', 'green', 'green', 'green', 'green', 'green', 'green', 'green'] ['Normal', 'Normal', 'Normal', 'Normal', 'Normal', 'Normal', 'Normal', 'Normal', 'Normal', 'Normal', 'Normal', 'Normal', 'Normal', 'Normal', 'Normal', 'Normal', 'Normal', 'Normal', 'Normal', 'Normal', 'Normal', 'Normal', 'Normal', 'Normal', 'Normal', 'Normal'] ['Day1', 'Day1', 'Day1', 'Day1', 'Day1', 'Day1', 'Day1', 'Day1', 'Day1', 'Day1', 'Day1', 'Day1', 'Day1', 'Day2', 'Day2', 'Day2', 'Day2', 'Day2', 'Day2', 'Day2', 'Day2', 'Day2', 'Day2', 'Day2', 'Day2', 'Day2']
/data/daily_dashboard/was/burkinafaso/h5/20211101/20211101_SCONC_DUST.h5
