MOD [['/data/products/median/netcdf/202001*_3H_MEDIAN.nc']]
OBS ['/data/daily_dashboard/obs/modis/netcdf/od550aero_202001.nc']
['model', 'bias', 'corr', 'rmse', 'frge', 'totn']
['lon', 'lat', 'bsc_dream', 'monarch', 'cams', 'dream8-macc', 'nasa-geos', 'metoffice', 'ncep-gefs', 'ema-regcm4', 'silam', 'lotos-euros', 'icon-art', 'noa', 'wrf-nemo', 'aladin', 'median']
v OD550_DUST
mod var OD550_DUST
obs var od550aero
[<xarray.Dataset>
Dimensions:     (latitude: 131, longitude: 171, time: 248)
Coordinates:
  * longitude   (longitude) float32 -25.0 -24.5 -24.0 -23.5 ... 59.0 59.5 60.0
  * latitude    (latitude) float32 0.0 0.5 1.0 1.5 2.0 ... 63.5 64.0 64.5 65.0
  * time        (time) datetime64[ns] 2020-01-01T12:00:00 ... 2020-02-01T09:0...
Data variables:
    SCONC_DUST  (time, latitude, longitude) float32 dask.array<chunksize=(8, 131, 171), meta=np.ndarray>
    OD550_DUST  (time, latitude, longitude) float32 dask.array<chunksize=(8, 131, 171), meta=np.ndarray>]
['median']
MOD median IDX 0
interpolating to observations ...
converting to df  ...
timesteps ['2020-01-01T12:00:00.000000000' '2020-01-02T12:00:00.000000000'
 '2020-01-03T12:00:00.000000000' '2020-01-04T12:00:00.000000000'
 '2020-01-05T12:00:00.000000000' '2020-01-06T12:00:00.000000000'
 '2020-01-07T12:00:00.000000000' '2020-01-08T12:00:00.000000000'
 '2020-01-09T12:00:00.000000000' '2020-01-10T12:00:00.000000000'
 '2020-01-11T12:00:00.000000000' '2020-01-12T12:00:00.000000000'
 '2020-01-13T12:00:00.000000000' '2020-01-14T12:00:00.000000000'
 '2020-01-15T12:00:00.000000000' '2020-01-16T12:00:00.000000000'
 '2020-01-17T12:00:00.000000000' '2020-01-18T12:00:00.000000000'
 '2020-01-20T12:00:00.000000000' '2020-01-21T12:00:00.000000000'
 '2020-01-22T12:00:00.000000000' '2020-01-23T12:00:00.000000000'
 '2020-01-24T12:00:00.000000000' '2020-01-25T12:00:00.000000000'
 '2020-01-26T12:00:00.000000000' '2020-01-28T12:00:00.000000000'
 '2020-01-29T12:00:00.000000000' '2020-01-30T12:00:00.000000000'
 '2020-01-31T12:00:00.000000000'] <class 'numpy.ndarray'>
;;; 62029
median {'bias': '-0.15', 'corr': '0.69', 'rmse': '0.09', 'frge': '0.34', 'totn': '62029', 'model': 'median'}
SCORES per point!
;;; 62029
lon (717,) lat (357,) BIAS (357, 717)
       lon     lat bsc_dream monarch cams  ... icon-art  noa wrf-nemo aladin median
0  -179.25  -89.25       nan     NaN  NaN  ...      NaN  NaN      NaN    NaN    NaN
1  -178.75  -89.25       nan     NaN  NaN  ...      NaN  NaN      NaN    NaN    NaN
2  -178.25  -89.25       nan     NaN  NaN  ...      NaN  NaN      NaN    NaN    NaN
3  -177.75  -89.25       nan     NaN  NaN  ...      NaN  NaN      NaN    NaN    NaN
4  -177.25  -89.25       nan     NaN  NaN  ...      NaN  NaN      NaN    NaN    NaN

[5 rows x 17 columns]
4351473
Writing h5 ...
BIAS /data/daily_dashboard/obs/modis/h5/202001_scores.h5
TOTAL /data/daily_dashboard/obs/modis/h5/202001_scores.h5
